2022-05-28 23:06:21,535 | INFO - Application - App Process Starting
2022-05-28 23:06:21,675 | INFO - Influx - Influx Process Starting
2022-05-28 23:06:21,701 | INFO - Serial - Serial Process Starting
2022-05-28 23:06:21,721 | INFO - Learner - KNN Process Started
2022-05-28 23:06:21,722 | DEBUG - Learner - Sending message to Application
2022-05-28 23:06:22,070 | DEBUG - Application - Received message Message(sender='Learner', receiver='Application', subject='registerClassifier', message={0: 'Jumping', 1: 'standing', 2: 'walking', 3: 'running', 4: 'jump'})
2022-05-28 23:06:22,125 | DEBUG - Application - Registering classifier: 0
2022-05-28 23:06:22,135 | DEBUG - Application - Registering classifier: 1
2022-05-28 23:06:22,152 | DEBUG - Application - Registering classifier: 2
2022-05-28 23:06:22,156 | DEBUG - Application - Registering classifier: 3
2022-05-28 23:06:22,156 | DEBUG - Application - Registering classifier: 4
2022-05-28 23:06:27,128 | DEBUG - Application - Sending message to Learner
2022-05-28 23:06:27,130 | DEBUG - Learner - Received message Message(sender='Application', receiver='Learner', subject='deleteClassifier', message=4)
2022-05-28 23:06:27,134 | DEBUG - Learner - Sending message to Application
2022-05-28 23:06:27,135 | DEBUG - Application - Received message Message(sender='Learner', receiver='Application', subject='deleteClassifier', message=4)
2022-05-28 23:06:29,110 | DEBUG - Application - Sending message to Learner
2022-05-28 23:06:29,128 | DEBUG - Learner - Received message Message(sender='Application', receiver='Learner', subject='deleteClassifier', message=3)
2022-05-28 23:06:29,136 | DEBUG - Learner - Sending message to Application
2022-05-28 23:06:29,140 | DEBUG - Application - Received message Message(sender='Learner', receiver='Application', subject='deleteClassifier', message=3)
2022-05-28 23:06:32,280 | INFO - Application - Shutdown Occured
2022-05-28 23:06:32,318 | INFO - Shutdown Received
