2022-06-03 09:12:22,035 | INFO - Application - App Process Starting
2022-06-03 09:12:22,079 | INFO - Influx - Influx Process Starting
2022-06-03 09:12:22,217 | INFO - Serial - Serial Process Starting
2022-06-03 09:12:22,336 | INFO - Learner - KNN Process Started
2022-06-03 09:12:22,373 | DEBUG - Learner - Sending message to Application
2022-06-03 09:12:22,422 | DEBUG - Learner - Sending message to Influx
2022-06-03 09:12:22,465 | DEBUG - Influx - Received message Message(sender='Learner', receiver='Influx', subject='pullTestData', message='')
2022-06-03 09:12:22,632 | DEBUG - Application - Received message Message(sender='Learner', receiver='Application', subject='registerClassifier', message={0: 'sitting', 1: 'standing', 2: 'walking', 3: 'running'})
2022-06-03 09:12:22,638 | DEBUG - Application - Registering classifier: 0
2022-06-03 09:12:22,638 | DEBUG - Application - Registering classifier: 1
2022-06-03 09:12:22,638 | DEBUG - Application - Registering classifier: 2
2022-06-03 09:12:22,639 | DEBUG - Application - Registering classifier: 3
2022-06-03 09:12:23,323 | DEBUG - Influx - Sending message to Learner
2022-06-03 09:12:23,331 | DEBUG - Learner - Received message Message(sender='Influx', receiver='Learner', subject='trainData', message=[<src.classes.KnnData object at 0x000001EB50F151E0>, <src.classes.KnnData object at 0x000001EB50F15C30>, <src.classes.KnnData object at 0x000001EB50F16410>, <src.classes.KnnData object at 0x000001EB50F16BF0>, <src.classes.KnnData object at 0x000001EB50F173D0>, <src.classes.KnnData object at 0x000001EB50F17D00>, <src.classes.KnnData object at 0x000001EB50F40700>, <src.classes.KnnData object at 0x000001EB50F410C0>, <src.classes.KnnData object at 0x000001EB50F41A80>, <src.classes.KnnData object at 0x000001EB50F42440>, <src.classes.KnnData object at 0x000001EB50F42E00>, <src.classes.KnnData object at 0x000001EB50F437C0>, <src.classes.KnnData object at 0x000001EB50F5C1C0>])
2022-06-03 09:12:35,749 | INFO - Application - Shutdown Occured
2022-06-03 09:12:35,788 | INFO - Shutdown Received - Application
2022-06-03 09:12:35,819 | INFO - Learner - KNN Process Stopped
2022-06-03 09:12:35,819 | INFO - Learner - Shutdown Occured
2022-06-03 09:12:35,820 | INFO - Shutdown Received - Influx
2022-06-03 09:12:35,820 | INFO - Shutdown Received - Learner
2022-06-03 09:12:35,820 | INFO - Influx - Influx Process Stopping
2022-06-03 09:12:35,820 | INFO - Influx - Shutdown Occured
2022-06-03 09:12:35,820 | INFO - Serial - Serial Process Stopping
2022-06-03 09:12:35,821 | INFO - Serial - Shutdown Occured
2022-06-03 09:12:35,821 | INFO - Shutdown Received - Serial
2022-06-03 09:12:35,821 | INFO - Watcher Shutdown Complete
2022-06-03 09:12:35,821 | INFO - Logger Process Exited
