2022-06-02 17:54:38,104 | INFO - Influx - Influx Process Starting
2022-06-02 17:54:38,428 | INFO - Application - App Process Starting
2022-06-02 17:54:38,464 | INFO - Serial - Serial Process Starting
2022-06-02 17:54:38,619 | INFO - Learner - KNN Process Started
2022-06-02 17:54:38,638 | DEBUG - Learner - Sending message to Application
2022-06-02 17:54:38,642 | DEBUG - Learner - Sending message to Influx
2022-06-02 17:54:38,658 | DEBUG - Influx - Received message Message(sender='Learner', receiver='Influx', subject='pullTestData', message='')
2022-06-02 17:54:38,751 | DEBUG - Application - Received message Message(sender='Learner', receiver='Application', subject='registerClassifier', message={0: 'sitting', 1: 'standing', 2: 'walking', 3: 'running', 4: 'jumping jacks'})
2022-06-02 17:54:38,780 | DEBUG - Application - Registering classifier: 0
2022-06-02 17:54:38,796 | DEBUG - Application - Registering classifier: 1
2022-06-02 17:54:38,797 | DEBUG - Application - Registering classifier: 2
2022-06-02 17:54:38,810 | DEBUG - Application - Registering classifier: 3
2022-06-02 17:54:38,812 | DEBUG - Application - Registering classifier: 4
2022-06-02 17:54:40,237 | INFO - Application - Shutdown Occured
2022-06-02 17:54:40,298 | INFO - Shutdown Received
2022-06-02 17:54:40,333 | INFO - Serial - Serial Process Stopping
2022-06-02 17:54:40,406 | INFO - Serial - Shutdown Occured
2022-06-02 17:54:40,458 | INFO - Learner - KNN Process Stopped
2022-06-02 17:54:40,507 | INFO - Learner - Shutdown Occured
2022-06-02 17:54:40,548 | INFO - Watcher Shutdown
2022-06-02 17:54:40,590 | INFO - Shutdown Received
2022-06-02 17:54:40,628 | INFO - Shutdown Received
2022-06-02 17:54:40,640 | INFO - Shutdown Received
2022-06-02 17:54:40,661 | INFO - Shutdown Received
2022-06-02 17:54:40,670 | INFO - Shutdown Received
2022-06-02 17:54:40,688 | INFO - Shutdown Received
2022-06-02 17:54:40,692 | INFO - Shutdown Received
2022-06-02 17:54:40,692 | INFO - Shutdown Received
2022-06-02 17:54:40,693 | INFO - Shutdown Received
2022-06-02 17:54:40,693 | INFO - Shutdown Received
2022-06-02 17:54:40,693 | INFO - Shutdown Received
2022-06-02 17:54:40,693 | INFO - Shutdown Received
2022-06-02 17:54:40,693 | INFO - Shutdown Received
2022-06-02 17:54:40,694 | INFO - Shutdown Received
2022-06-02 17:54:40,694 | INFO - Shutdown Received
2022-06-02 17:54:40,694 | INFO - Shutdown Received
2022-06-02 17:54:40,695 | INFO - Shutdown Received
2022-06-02 17:54:40,695 | INFO - Shutdown Received
2022-06-02 17:54:40,695 | INFO - Shutdown Received
2022-06-02 17:54:40,695 | INFO - Shutdown Received
2022-06-02 17:54:40,695 | INFO - Shutdown Received
2022-06-02 17:54:40,696 | INFO - Shutdown Received
2022-06-02 17:54:40,696 | INFO - Shutdown Received
2022-06-02 17:54:40,696 | INFO - Shutdown Received
2022-06-02 17:54:40,696 | INFO - Shutdown Received
2022-06-02 17:54:40,696 | INFO - Shutdown Received
2022-06-02 17:54:40,696 | INFO - Shutdown Received
2022-06-02 17:54:40,697 | INFO - Shutdown Received
2022-06-02 17:54:40,697 | INFO - Shutdown Received
2022-06-02 17:54:40,697 | INFO - Shutdown Received
2022-06-02 17:54:40,697 | INFO - Shutdown Received
2022-06-02 17:54:40,697 | INFO - Shutdown Received
2022-06-02 17:54:40,697 | INFO - Shutdown Received
2022-06-02 17:54:40,698 | INFO - Shutdown Received
2022-06-02 17:54:40,698 | INFO - Shutdown Received
2022-06-02 17:54:40,698 | INFO - Shutdown Received
2022-06-02 17:54:40,698 | INFO - Shutdown Received
2022-06-02 17:54:40,698 | INFO - Shutdown Received
2022-06-02 17:54:40,698 | INFO - Shutdown Received
2022-06-02 17:54:40,699 | INFO - Shutdown Received
2022-06-02 17:54:40,699 | INFO - Shutdown Received
2022-06-02 17:54:40,699 | INFO - Shutdown Received
2022-06-02 17:54:40,699 | INFO - Shutdown Received
2022-06-02 17:54:40,700 | INFO - Shutdown Received
2022-06-02 17:54:40,700 | INFO - Shutdown Received
2022-06-02 17:54:40,700 | INFO - Shutdown Received
2022-06-02 17:54:40,700 | INFO - Shutdown Received
2022-06-02 17:54:40,700 | INFO - Shutdown Received
2022-06-02 17:54:40,700 | INFO - Shutdown Received
2022-06-02 17:54:40,701 | INFO - Shutdown Received
2022-06-02 17:54:40,701 | INFO - Shutdown Received
2022-06-02 17:54:40,701 | INFO - Shutdown Received
2022-06-02 17:54:40,702 | INFO - Shutdown Received
2022-06-02 17:54:40,702 | INFO - Shutdown Received
2022-06-02 17:54:40,702 | INFO - Shutdown Received
2022-06-02 17:54:40,702 | INFO - Shutdown Received
2022-06-02 17:54:40,703 | INFO - Shutdown Received
2022-06-02 17:54:40,703 | INFO - Shutdown Received
2022-06-02 17:54:40,703 | INFO - Shutdown Received
2022-06-02 17:54:40,704 | INFO - Shutdown Received
2022-06-02 17:54:40,704 | INFO - Shutdown Received
2022-06-02 17:54:40,704 | INFO - Shutdown Received
2022-06-02 17:54:40,704 | INFO - Shutdown Received
2022-06-02 17:54:40,704 | INFO - Shutdown Received
2022-06-02 17:54:40,705 | INFO - Shutdown Received
2022-06-02 17:54:40,705 | INFO - Shutdown Received
2022-06-02 17:54:40,705 | INFO - Shutdown Received
2022-06-02 17:54:40,705 | INFO - Shutdown Received
2022-06-02 17:54:40,705 | INFO - Shutdown Received
2022-06-02 17:54:40,706 | INFO - Shutdown Received
2022-06-02 17:54:40,706 | INFO - Shutdown Received
2022-06-02 17:54:40,706 | INFO - Shutdown Received
2022-06-02 17:54:40,707 | INFO - Shutdown Received
2022-06-02 17:54:40,707 | INFO - Shutdown Received
2022-06-02 17:54:40,707 | INFO - Shutdown Received
2022-06-02 17:54:40,707 | INFO - Shutdown Received
2022-06-02 17:54:40,707 | INFO - Shutdown Received
2022-06-02 17:54:40,708 | INFO - Shutdown Received
2022-06-02 17:54:40,708 | INFO - Shutdown Received
2022-06-02 17:54:40,708 | INFO - Shutdown Received
2022-06-02 17:54:40,708 | INFO - Shutdown Received
2022-06-02 17:54:40,708 | INFO - Shutdown Received
2022-06-02 17:54:40,709 | INFO - Shutdown Received
2022-06-02 17:54:40,709 | INFO - Shutdown Received
2022-06-02 17:54:40,709 | INFO - Shutdown Received
2022-06-02 17:54:40,709 | INFO - Shutdown Received
2022-06-02 17:54:40,710 | INFO - Shutdown Received
2022-06-02 17:54:40,710 | INFO - Shutdown Received
2022-06-02 17:54:40,710 | INFO - Shutdown Received
2022-06-02 17:54:40,710 | INFO - Shutdown Received
2022-06-02 17:54:40,711 | INFO - Shutdown Received
2022-06-02 17:54:40,713 | INFO - Shutdown Received
2022-06-02 17:54:40,713 | INFO - Shutdown Received
2022-06-02 17:54:40,713 | INFO - Shutdown Received
2022-06-02 17:54:40,714 | INFO - Shutdown Received
2022-06-02 17:54:40,714 | INFO - Shutdown Received
2022-06-02 17:54:40,714 | INFO - Shutdown Received
2022-06-02 17:54:40,714 | INFO - Shutdown Received
2022-06-02 17:54:40,715 | INFO - Shutdown Received
2022-06-02 17:54:40,715 | INFO - Shutdown Received
2022-06-02 17:54:40,715 | INFO - Shutdown Received
2022-06-02 17:54:40,715 | INFO - Shutdown Received
2022-06-02 17:54:40,716 | INFO - Shutdown Received
2022-06-02 17:54:40,716 | INFO - Shutdown Received
2022-06-02 17:54:40,716 | INFO - Shutdown Received
2022-06-02 17:54:40,717 | INFO - Shutdown Received
2022-06-02 17:54:40,717 | INFO - Shutdown Received
2022-06-02 17:54:40,718 | INFO - Shutdown Received
2022-06-02 17:54:40,718 | INFO - Shutdown Received
2022-06-02 17:54:40,718 | INFO - Shutdown Received
2022-06-02 17:54:40,718 | INFO - Shutdown Received
2022-06-02 17:54:40,718 | INFO - Shutdown Received
2022-06-02 17:54:40,719 | INFO - Shutdown Received
2022-06-02 17:54:40,719 | INFO - Shutdown Received
2022-06-02 17:54:40,719 | INFO - Shutdown Received
2022-06-02 17:54:40,719 | INFO - Shutdown Received
2022-06-02 17:54:40,719 | INFO - Shutdown Received
2022-06-02 17:54:40,719 | INFO - Shutdown Received
2022-06-02 17:54:40,720 | INFO - Shutdown Received
2022-06-02 17:54:40,720 | INFO - Shutdown Received
2022-06-02 17:54:40,720 | INFO - Shutdown Received
2022-06-02 17:54:40,720 | INFO - Shutdown Received
2022-06-02 17:54:40,720 | INFO - Shutdown Received
2022-06-02 17:54:40,720 | INFO - Shutdown Received
2022-06-02 17:54:40,721 | INFO - Shutdown Received
2022-06-02 17:54:40,721 | INFO - Shutdown Received
2022-06-02 17:54:40,721 | INFO - Shutdown Received
2022-06-02 17:54:40,721 | INFO - Shutdown Received
2022-06-02 17:54:40,721 | INFO - Shutdown Received
2022-06-02 17:54:40,723 | INFO - Shutdown Received
2022-06-02 17:54:40,723 | INFO - Shutdown Received
2022-06-02 17:54:40,723 | INFO - Shutdown Received
2022-06-02 17:54:40,723 | INFO - Shutdown Received
2022-06-02 17:54:40,723 | INFO - Shutdown Received
2022-06-02 17:54:40,723 | INFO - Shutdown Received
2022-06-02 17:54:40,723 | INFO - Shutdown Received
2022-06-02 17:54:40,723 | INFO - Shutdown Received
2022-06-02 17:54:40,723 | INFO - Shutdown Received
2022-06-02 17:54:40,723 | INFO - Shutdown Received
2022-06-02 17:54:40,723 | INFO - Shutdown Received
2022-06-02 17:54:40,723 | INFO - Shutdown Received
2022-06-02 17:54:40,724 | INFO - Shutdown Received
2022-06-02 17:54:40,724 | INFO - Shutdown Received
2022-06-02 17:54:40,724 | INFO - Shutdown Received
2022-06-02 17:54:40,724 | INFO - Shutdown Received
2022-06-02 17:54:40,724 | INFO - Shutdown Received
2022-06-02 17:54:40,725 | INFO - Shutdown Received
2022-06-02 17:54:40,725 | INFO - Shutdown Received
2022-06-02 17:54:40,725 | INFO - Shutdown Received
2022-06-02 17:54:40,725 | INFO - Shutdown Received
2022-06-02 17:54:40,726 | INFO - Shutdown Received
2022-06-02 17:54:40,726 | INFO - Shutdown Received
2022-06-02 17:54:40,726 | INFO - Shutdown Received
2022-06-02 17:54:40,726 | INFO - Shutdown Received
2022-06-02 17:54:40,727 | INFO - Shutdown Received
2022-06-02 17:54:40,727 | INFO - Shutdown Received
2022-06-02 17:54:40,727 | INFO - Shutdown Received
2022-06-02 17:54:40,728 | INFO - Shutdown Received
2022-06-02 17:54:40,728 | INFO - Shutdown Received
2022-06-02 17:54:40,728 | INFO - Shutdown Received
2022-06-02 17:54:40,728 | INFO - Shutdown Received
2022-06-02 17:54:40,729 | INFO - Shutdown Received
2022-06-02 17:54:40,729 | INFO - Shutdown Received
2022-06-02 17:54:40,729 | INFO - Shutdown Received
2022-06-02 17:54:40,730 | INFO - Shutdown Received
2022-06-02 17:54:40,730 | INFO - Shutdown Received
2022-06-02 17:54:40,730 | INFO - Shutdown Received
2022-06-02 17:54:40,730 | INFO - Shutdown Received
2022-06-02 17:54:40,730 | INFO - Shutdown Received
2022-06-02 17:54:40,730 | INFO - Shutdown Received
2022-06-02 17:54:40,731 | INFO - Shutdown Received
2022-06-02 17:54:40,731 | INFO - Shutdown Received
2022-06-02 17:54:40,731 | INFO - Shutdown Received
2022-06-02 17:54:40,731 | INFO - Shutdown Received
2022-06-02 17:54:40,731 | INFO - Shutdown Received
2022-06-02 17:54:40,731 | INFO - Shutdown Received
2022-06-02 17:54:40,732 | INFO - Shutdown Received
2022-06-02 17:54:40,732 | INFO - Shutdown Received
2022-06-02 17:54:40,732 | INFO - Shutdown Received
2022-06-02 17:54:40,732 | INFO - Shutdown Received
2022-06-02 17:54:40,732 | INFO - Shutdown Received
2022-06-02 17:54:40,732 | INFO - Shutdown Received
2022-06-02 17:54:40,733 | INFO - Shutdown Received
2022-06-02 17:54:40,733 | INFO - Shutdown Received
2022-06-02 17:54:40,733 | INFO - Shutdown Received
2022-06-02 17:54:40,734 | INFO - Shutdown Received
2022-06-02 17:54:40,734 | INFO - Shutdown Received
2022-06-02 17:54:40,734 | INFO - Shutdown Received
2022-06-02 17:54:40,734 | INFO - Shutdown Received
2022-06-02 17:54:40,734 | INFO - Shutdown Received
2022-06-02 17:54:40,735 | INFO - Shutdown Received
2022-06-02 17:54:40,735 | INFO - Shutdown Received
2022-06-02 17:54:40,735 | INFO - Shutdown Received
2022-06-02 17:54:40,735 | INFO - Shutdown Received
2022-06-02 17:54:40,735 | INFO - Shutdown Received
2022-06-02 17:54:40,736 | INFO - Shutdown Received
2022-06-02 17:54:40,736 | INFO - Shutdown Received
2022-06-02 17:54:40,736 | INFO - Shutdown Received
2022-06-02 17:54:40,736 | INFO - Shutdown Received
2022-06-02 17:54:40,736 | INFO - Shutdown Received
2022-06-02 17:54:40,736 | INFO - Shutdown Received
2022-06-02 17:54:40,737 | INFO - Shutdown Received
2022-06-02 17:54:40,737 | INFO - Shutdown Received
2022-06-02 17:54:40,737 | INFO - Shutdown Received
2022-06-02 17:54:40,737 | INFO - Shutdown Received
2022-06-02 17:54:40,737 | INFO - Shutdown Received
2022-06-02 17:54:40,737 | INFO - Shutdown Received
2022-06-02 17:54:40,738 | INFO - Shutdown Received
2022-06-02 17:54:40,738 | INFO - Shutdown Received
2022-06-02 17:54:40,738 | INFO - Shutdown Received
2022-06-02 17:54:40,738 | INFO - Shutdown Received
2022-06-02 17:54:40,738 | INFO - Shutdown Received
2022-06-02 17:54:40,738 | INFO - Shutdown Received
2022-06-02 17:54:40,739 | INFO - Shutdown Received
2022-06-02 17:54:40,739 | INFO - Shutdown Received
2022-06-02 17:54:40,739 | INFO - Shutdown Received
2022-06-02 17:54:40,739 | INFO - Shutdown Received
2022-06-02 17:54:40,739 | INFO - Shutdown Received
2022-06-02 17:54:40,739 | INFO - Shutdown Received
2022-06-02 17:54:40,740 | INFO - Shutdown Received
2022-06-02 17:54:40,740 | INFO - Shutdown Received
2022-06-02 17:54:40,740 | INFO - Shutdown Received
2022-06-02 17:54:40,742 | INFO - Shutdown Received
2022-06-02 17:54:40,742 | INFO - Shutdown Received
2022-06-02 17:54:40,742 | INFO - Shutdown Received
2022-06-02 17:54:40,742 | INFO - Shutdown Received
2022-06-02 17:54:40,743 | INFO - Shutdown Received
2022-06-02 17:54:40,743 | INFO - Shutdown Received
2022-06-02 17:54:40,743 | INFO - Shutdown Received
2022-06-02 17:54:40,743 | INFO - Shutdown Received
2022-06-02 17:54:40,743 | INFO - Shutdown Received
2022-06-02 17:54:40,744 | INFO - Shutdown Received
2022-06-02 17:54:40,744 | INFO - Shutdown Received
2022-06-02 17:54:40,744 | INFO - Shutdown Received
2022-06-02 17:54:40,744 | INFO - Shutdown Received
2022-06-02 17:54:40,745 | INFO - Shutdown Received
2022-06-02 17:54:40,745 | INFO - Shutdown Received
2022-06-02 17:54:40,745 | INFO - Shutdown Received
2022-06-02 17:54:40,745 | INFO - Shutdown Received
2022-06-02 17:54:40,745 | INFO - Shutdown Received
2022-06-02 17:54:40,746 | INFO - Shutdown Received
2022-06-02 17:54:40,746 | INFO - Shutdown Received
2022-06-02 17:54:40,746 | INFO - Shutdown Received
2022-06-02 17:54:40,746 | INFO - Shutdown Received
2022-06-02 17:54:40,746 | INFO - Shutdown Received
2022-06-02 17:54:40,746 | INFO - Shutdown Received
2022-06-02 17:54:40,747 | INFO - Shutdown Received
2022-06-02 17:54:40,747 | INFO - Shutdown Received
2022-06-02 17:54:40,747 | INFO - Shutdown Received
2022-06-02 17:54:40,747 | INFO - Shutdown Received
2022-06-02 17:54:40,747 | INFO - Shutdown Received
2022-06-02 17:54:40,748 | INFO - Shutdown Received
2022-06-02 17:54:40,748 | INFO - Shutdown Received
2022-06-02 17:54:40,748 | INFO - Shutdown Received
2022-06-02 17:54:40,748 | INFO - Shutdown Received
2022-06-02 17:54:40,748 | INFO - Shutdown Received
2022-06-02 17:54:40,749 | INFO - Shutdown Received
2022-06-02 17:54:40,749 | INFO - Shutdown Received
2022-06-02 17:54:40,749 | INFO - Shutdown Received
2022-06-02 17:54:40,749 | INFO - Shutdown Received
2022-06-02 17:54:40,749 | INFO - Shutdown Received
2022-06-02 17:54:40,749 | INFO - Shutdown Received
2022-06-02 17:54:40,750 | INFO - Shutdown Received
2022-06-02 17:54:40,750 | INFO - Shutdown Received
2022-06-02 17:54:40,750 | INFO - Shutdown Received
2022-06-02 17:54:40,750 | INFO - Shutdown Received
2022-06-02 17:54:40,750 | INFO - Shutdown Received
2022-06-02 17:54:40,751 | INFO - Shutdown Received
2022-06-02 17:54:40,751 | INFO - Shutdown Received
2022-06-02 17:54:40,751 | INFO - Shutdown Received
2022-06-02 17:54:40,751 | INFO - Shutdown Received
2022-06-02 17:54:40,752 | INFO - Shutdown Received
2022-06-02 17:54:40,752 | INFO - Shutdown Received
2022-06-02 17:54:40,752 | INFO - Shutdown Received
2022-06-02 17:54:40,752 | INFO - Shutdown Received
2022-06-02 17:54:40,753 | INFO - Shutdown Received
2022-06-02 17:54:40,753 | INFO - Shutdown Received
2022-06-02 17:54:40,753 | INFO - Shutdown Received
2022-06-02 17:54:40,754 | INFO - Shutdown Received
2022-06-02 17:54:40,754 | INFO - Shutdown Received
2022-06-02 17:54:40,754 | INFO - Shutdown Received
2022-06-02 17:54:40,755 | INFO - Shutdown Received
2022-06-02 17:54:40,755 | INFO - Shutdown Received
2022-06-02 17:54:40,756 | INFO - Shutdown Received
2022-06-02 17:54:40,756 | INFO - Shutdown Received
2022-06-02 17:54:40,757 | INFO - Shutdown Received
2022-06-02 17:54:40,757 | INFO - Shutdown Received
2022-06-02 17:54:40,757 | INFO - Shutdown Received
2022-06-02 17:54:40,758 | INFO - Shutdown Received
2022-06-02 17:54:40,758 | INFO - Shutdown Received
2022-06-02 17:54:40,758 | INFO - Shutdown Received
2022-06-02 17:54:40,759 | INFO - Shutdown Received
2022-06-02 17:54:40,759 | INFO - Shutdown Received
2022-06-02 17:54:40,759 | INFO - Shutdown Received
2022-06-02 17:54:40,759 | INFO - Shutdown Received
2022-06-02 17:54:40,760 | INFO - Shutdown Received
2022-06-02 17:54:40,760 | INFO - Shutdown Received
2022-06-02 17:54:40,760 | INFO - Shutdown Received
2022-06-02 17:54:40,760 | INFO - Shutdown Received
2022-06-02 17:54:40,760 | INFO - Shutdown Received
2022-06-02 17:54:40,760 | INFO - Shutdown Received
2022-06-02 17:54:40,761 | INFO - Shutdown Received
2022-06-02 17:54:40,761 | INFO - Shutdown Received
2022-06-02 17:54:40,761 | INFO - Shutdown Received
2022-06-02 17:54:40,761 | INFO - Shutdown Received
2022-06-02 17:54:40,761 | INFO - Shutdown Received
2022-06-02 17:54:40,762 | INFO - Shutdown Received
2022-06-02 17:54:40,762 | INFO - Shutdown Received
2022-06-02 17:54:40,762 | INFO - Shutdown Received
2022-06-02 17:54:40,762 | INFO - Shutdown Received
2022-06-02 17:54:40,762 | INFO - Shutdown Received
2022-06-02 17:54:40,762 | INFO - Shutdown Received
2022-06-02 17:54:40,763 | INFO - Shutdown Received
2022-06-02 17:54:40,763 | INFO - Shutdown Received
2022-06-02 17:54:40,763 | INFO - Shutdown Received
2022-06-02 17:54:40,763 | INFO - Shutdown Received
2022-06-02 17:54:40,763 | INFO - Shutdown Received
2022-06-02 17:54:40,763 | INFO - Shutdown Received
2022-06-02 17:54:40,764 | INFO - Shutdown Received
2022-06-02 17:54:40,764 | INFO - Shutdown Received
2022-06-02 17:54:40,764 | INFO - Shutdown Received
2022-06-02 17:54:40,764 | INFO - Shutdown Received
2022-06-02 17:54:40,764 | INFO - Shutdown Received
2022-06-02 17:54:40,764 | INFO - Shutdown Received
2022-06-02 17:54:40,765 | INFO - Shutdown Received
2022-06-02 17:54:40,765 | INFO - Shutdown Received
2022-06-02 17:54:40,765 | INFO - Shutdown Received
2022-06-02 17:54:40,765 | INFO - Shutdown Received
2022-06-02 17:54:40,765 | INFO - Shutdown Received
2022-06-02 17:54:40,765 | INFO - Shutdown Received
2022-06-02 17:54:40,766 | INFO - Shutdown Received
2022-06-02 17:54:40,766 | INFO - Shutdown Received
2022-06-02 17:54:40,766 | INFO - Shutdown Received
2022-06-02 17:54:40,766 | INFO - Shutdown Received
2022-06-02 17:54:40,767 | INFO - Shutdown Received
2022-06-02 17:54:40,767 | INFO - Shutdown Received
2022-06-02 17:54:40,768 | INFO - Shutdown Received
2022-06-02 17:54:40,768 | INFO - Shutdown Received
2022-06-02 17:54:40,768 | INFO - Shutdown Received
2022-06-02 17:54:40,768 | INFO - Shutdown Received
2022-06-02 17:54:40,768 | INFO - Shutdown Received
2022-06-02 17:54:40,769 | INFO - Shutdown Received
2022-06-02 17:54:40,769 | INFO - Shutdown Received
2022-06-02 17:54:40,769 | INFO - Shutdown Received
2022-06-02 17:54:40,769 | INFO - Shutdown Received
2022-06-02 17:54:40,769 | INFO - Shutdown Received
2022-06-02 17:54:40,769 | INFO - Shutdown Received
2022-06-02 17:54:40,770 | INFO - Shutdown Received
2022-06-02 17:54:40,770 | INFO - Shutdown Received
2022-06-02 17:54:40,770 | INFO - Shutdown Received
2022-06-02 17:54:40,770 | INFO - Shutdown Received
2022-06-02 17:54:40,770 | INFO - Shutdown Received
2022-06-02 17:54:40,770 | INFO - Shutdown Received
2022-06-02 17:54:40,771 | INFO - Shutdown Received
2022-06-02 17:54:40,772 | INFO - Shutdown Received
2022-06-02 17:54:40,772 | INFO - Shutdown Received
2022-06-02 17:54:40,772 | INFO - Shutdown Received
2022-06-02 17:54:40,772 | INFO - Shutdown Received
2022-06-02 17:54:40,772 | INFO - Shutdown Received
2022-06-02 17:54:40,773 | INFO - Shutdown Received
2022-06-02 17:54:40,773 | INFO - Shutdown Received
2022-06-02 17:54:40,773 | INFO - Shutdown Received
2022-06-02 17:54:40,773 | INFO - Shutdown Received
2022-06-02 17:54:40,774 | INFO - Shutdown Received
2022-06-02 17:54:40,774 | INFO - Shutdown Received
2022-06-02 17:54:40,774 | INFO - Shutdown Received
2022-06-02 17:54:40,774 | INFO - Shutdown Received
2022-06-02 17:54:40,775 | INFO - Shutdown Received
2022-06-02 17:54:40,775 | INFO - Shutdown Received
2022-06-02 17:54:40,775 | INFO - Shutdown Received
2022-06-02 17:54:40,775 | INFO - Shutdown Received
2022-06-02 17:54:40,776 | INFO - Shutdown Received
2022-06-02 17:54:40,776 | INFO - Shutdown Received
2022-06-02 17:54:40,776 | INFO - Shutdown Received
2022-06-02 17:54:40,776 | INFO - Shutdown Received
2022-06-02 17:54:40,776 | INFO - Shutdown Received
2022-06-02 17:54:40,777 | INFO - Shutdown Received
2022-06-02 17:54:40,777 | INFO - Shutdown Received
2022-06-02 17:54:40,777 | INFO - Shutdown Received
2022-06-02 17:54:40,777 | INFO - Shutdown Received
2022-06-02 17:54:40,777 | INFO - Shutdown Received
2022-06-02 17:54:40,778 | INFO - Shutdown Received
2022-06-02 17:54:40,778 | INFO - Shutdown Received
2022-06-02 17:54:40,778 | INFO - Shutdown Received
2022-06-02 17:54:40,778 | INFO - Shutdown Received
2022-06-02 17:54:40,778 | INFO - Shutdown Received
2022-06-02 17:54:40,778 | INFO - Shutdown Received
2022-06-02 17:54:40,779 | INFO - Shutdown Received
2022-06-02 17:54:40,779 | INFO - Shutdown Received
2022-06-02 17:54:40,779 | INFO - Shutdown Received
2022-06-02 17:54:40,779 | INFO - Shutdown Received
2022-06-02 17:54:40,779 | INFO - Shutdown Received
2022-06-02 17:54:40,779 | INFO - Shutdown Received
2022-06-02 17:54:40,780 | INFO - Shutdown Received
2022-06-02 17:54:40,780 | INFO - Shutdown Received
2022-06-02 17:54:40,780 | INFO - Shutdown Received
2022-06-02 17:54:40,780 | INFO - Shutdown Received
2022-06-02 17:54:40,780 | INFO - Shutdown Received
2022-06-02 17:54:40,780 | INFO - Shutdown Received
2022-06-02 17:54:40,781 | INFO - Shutdown Received
2022-06-02 17:54:40,781 | INFO - Shutdown Received
2022-06-02 17:54:40,781 | INFO - Shutdown Received
2022-06-02 17:54:40,781 | INFO - Shutdown Received
2022-06-02 17:54:40,781 | INFO - Shutdown Received
2022-06-02 17:54:40,781 | INFO - Shutdown Received
2022-06-02 17:54:40,782 | INFO - Shutdown Received
2022-06-02 17:54:40,782 | INFO - Shutdown Received
2022-06-02 17:54:40,782 | INFO - Shutdown Received
2022-06-02 17:54:40,782 | INFO - Shutdown Received
2022-06-02 17:54:40,782 | INFO - Shutdown Received
2022-06-02 17:54:40,782 | INFO - Shutdown Received
2022-06-02 17:54:40,783 | INFO - Shutdown Received
2022-06-02 17:54:40,783 | INFO - Shutdown Received
2022-06-02 17:54:40,783 | INFO - Shutdown Received
2022-06-02 17:54:40,783 | INFO - Shutdown Received
2022-06-02 17:54:40,784 | INFO - Shutdown Received
2022-06-02 17:54:40,784 | INFO - Shutdown Received
2022-06-02 17:54:40,784 | INFO - Shutdown Received
2022-06-02 17:54:40,784 | INFO - Shutdown Received
2022-06-02 17:54:40,785 | INFO - Shutdown Received
2022-06-02 17:54:40,785 | INFO - Shutdown Received
2022-06-02 17:54:40,785 | INFO - Shutdown Received
2022-06-02 17:54:40,785 | INFO - Shutdown Received
2022-06-02 17:54:40,785 | INFO - Shutdown Received
2022-06-02 17:54:40,785 | INFO - Shutdown Received
2022-06-02 17:54:40,786 | INFO - Shutdown Received
2022-06-02 17:54:40,786 | INFO - Shutdown Received
2022-06-02 17:54:40,786 | INFO - Shutdown Received
2022-06-02 17:54:40,786 | INFO - Shutdown Received
2022-06-02 17:54:40,786 | INFO - Shutdown Received
2022-06-02 17:54:40,786 | INFO - Shutdown Received
2022-06-02 17:54:40,789 | INFO - Shutdown Received
2022-06-02 17:54:40,789 | INFO - Shutdown Received
2022-06-02 17:54:40,789 | INFO - Shutdown Received
2022-06-02 17:54:40,789 | INFO - Shutdown Received
2022-06-02 17:54:40,790 | INFO - Shutdown Received
2022-06-02 17:54:40,790 | INFO - Shutdown Received
2022-06-02 17:54:40,790 | INFO - Shutdown Received
2022-06-02 17:54:40,790 | INFO - Shutdown Received
2022-06-02 17:54:40,790 | INFO - Shutdown Received
2022-06-02 17:54:40,791 | INFO - Shutdown Received
2022-06-02 17:54:40,791 | INFO - Shutdown Received
2022-06-02 17:54:40,791 | INFO - Shutdown Received
2022-06-02 17:54:40,791 | INFO - Shutdown Received
2022-06-02 17:54:40,792 | INFO - Shutdown Received
2022-06-02 17:54:40,792 | INFO - Shutdown Received
2022-06-02 17:54:40,792 | INFO - Shutdown Received
2022-06-02 17:54:40,793 | INFO - Shutdown Received
2022-06-02 17:54:40,793 | INFO - Shutdown Received
2022-06-02 17:54:40,793 | INFO - Shutdown Received
2022-06-02 17:54:40,793 | INFO - Shutdown Received
2022-06-02 17:54:40,794 | INFO - Shutdown Received
2022-06-02 17:54:40,794 | INFO - Shutdown Received
2022-06-02 17:54:40,794 | INFO - Shutdown Received
2022-06-02 17:54:40,794 | INFO - Shutdown Received
2022-06-02 17:54:40,794 | INFO - Shutdown Received
2022-06-02 17:54:40,795 | INFO - Shutdown Received
2022-06-02 17:54:40,795 | INFO - Shutdown Received
2022-06-02 17:54:40,795 | INFO - Shutdown Received
2022-06-02 17:54:40,795 | INFO - Shutdown Received
2022-06-02 17:54:40,795 | INFO - Shutdown Received
2022-06-02 17:54:40,795 | INFO - Shutdown Received
2022-06-02 17:54:40,796 | INFO - Shutdown Received
2022-06-02 17:54:40,796 | INFO - Shutdown Received
2022-06-02 17:54:40,796 | INFO - Shutdown Received
2022-06-02 17:54:40,796 | INFO - Shutdown Received
2022-06-02 17:54:40,796 | INFO - Shutdown Received
2022-06-02 17:54:40,796 | INFO - Shutdown Received
2022-06-02 17:54:40,797 | INFO - Shutdown Received
2022-06-02 17:54:40,797 | INFO - Shutdown Received
2022-06-02 17:54:40,797 | INFO - Shutdown Received
2022-06-02 17:54:40,797 | INFO - Shutdown Received
2022-06-02 17:54:40,797 | INFO - Shutdown Received
2022-06-02 17:54:40,798 | INFO - Shutdown Received
2022-06-02 17:54:40,798 | INFO - Shutdown Received
2022-06-02 17:54:40,798 | INFO - Shutdown Received
2022-06-02 17:54:40,798 | INFO - Shutdown Received
2022-06-02 17:54:40,798 | INFO - Shutdown Received
2022-06-02 17:54:40,798 | INFO - Shutdown Received
2022-06-02 17:54:40,799 | INFO - Shutdown Received
2022-06-02 17:54:40,799 | INFO - Shutdown Received
2022-06-02 17:54:40,799 | INFO - Shutdown Received
2022-06-02 17:54:40,799 | INFO - Shutdown Received
2022-06-02 17:54:40,799 | INFO - Shutdown Received
2022-06-02 17:54:40,800 | INFO - Shutdown Received
2022-06-02 17:54:40,800 | INFO - Shutdown Received
2022-06-02 17:54:40,800 | INFO - Shutdown Received
2022-06-02 17:54:40,800 | INFO - Shutdown Received
2022-06-02 17:54:40,800 | INFO - Shutdown Received
2022-06-02 17:54:40,800 | INFO - Shutdown Received
2022-06-02 17:54:40,801 | INFO - Shutdown Received
2022-06-02 17:54:40,801 | INFO - Shutdown Received
2022-06-02 17:54:40,801 | INFO - Shutdown Received
2022-06-02 17:54:40,802 | INFO - Shutdown Received
2022-06-02 17:54:40,802 | INFO - Shutdown Received
2022-06-02 17:54:40,802 | INFO - Shutdown Received
2022-06-02 17:54:40,802 | INFO - Shutdown Received
2022-06-02 17:54:40,802 | INFO - Shutdown Received
2022-06-02 17:54:40,811 | INFO - Shutdown Received
2022-06-02 17:54:40,812 | INFO - Shutdown Received
2022-06-02 17:54:40,812 | INFO - Shutdown Received
2022-06-02 17:54:40,812 | INFO - Shutdown Received
2022-06-02 17:54:40,812 | INFO - Shutdown Received
2022-06-02 17:54:40,813 | INFO - Shutdown Received
2022-06-02 17:54:40,813 | INFO - Shutdown Received
2022-06-02 17:54:40,813 | INFO - Shutdown Received
2022-06-02 17:54:40,813 | INFO - Shutdown Received
2022-06-02 17:54:40,814 | INFO - Shutdown Received
2022-06-02 17:54:40,814 | INFO - Shutdown Received
2022-06-02 17:54:40,814 | INFO - Shutdown Received
2022-06-02 17:54:40,815 | INFO - Shutdown Received
2022-06-02 17:54:40,815 | INFO - Shutdown Received
2022-06-02 17:54:40,815 | INFO - Shutdown Received
2022-06-02 17:54:40,815 | INFO - Shutdown Received
2022-06-02 17:54:40,816 | INFO - Shutdown Received
2022-06-02 17:54:40,818 | INFO - Shutdown Received
2022-06-02 17:54:40,818 | INFO - Shutdown Received
2022-06-02 17:54:40,818 | INFO - Shutdown Received
2022-06-02 17:54:40,818 | INFO - Shutdown Received
2022-06-02 17:54:40,821 | INFO - Shutdown Received
2022-06-02 17:54:40,821 | INFO - Shutdown Received
2022-06-02 17:54:40,822 | INFO - Shutdown Received
2022-06-02 17:54:40,822 | INFO - Shutdown Received
2022-06-02 17:54:40,822 | INFO - Shutdown Received
2022-06-02 17:54:40,822 | INFO - Shutdown Received
2022-06-02 17:54:40,823 | INFO - Shutdown Received
2022-06-02 17:54:40,823 | INFO - Shutdown Received
2022-06-02 17:54:40,823 | INFO - Shutdown Received
2022-06-02 17:54:40,823 | INFO - Shutdown Received
2022-06-02 17:54:40,824 | INFO - Shutdown Received
2022-06-02 17:54:40,824 | INFO - Shutdown Received
2022-06-02 17:54:40,824 | INFO - Shutdown Received
2022-06-02 17:54:40,824 | INFO - Shutdown Received
2022-06-02 17:54:40,824 | INFO - Shutdown Received
2022-06-02 17:54:40,825 | INFO - Shutdown Received
2022-06-02 17:54:40,825 | INFO - Shutdown Received
2022-06-02 17:54:40,825 | INFO - Shutdown Received
2022-06-02 17:54:40,825 | INFO - Shutdown Received
2022-06-02 17:54:40,826 | INFO - Shutdown Received
2022-06-02 17:54:40,826 | INFO - Shutdown Received
2022-06-02 17:54:40,826 | INFO - Shutdown Received
2022-06-02 17:54:40,826 | INFO - Shutdown Received
2022-06-02 17:54:40,827 | INFO - Shutdown Received
2022-06-02 17:54:40,827 | INFO - Shutdown Received
2022-06-02 17:54:40,827 | INFO - Shutdown Received
2022-06-02 17:54:40,827 | INFO - Shutdown Received
2022-06-02 17:54:40,828 | INFO - Shutdown Received
2022-06-02 17:54:40,828 | INFO - Shutdown Received
2022-06-02 17:54:40,828 | INFO - Shutdown Received
2022-06-02 17:54:40,828 | INFO - Shutdown Received
2022-06-02 17:54:40,829 | INFO - Shutdown Received
2022-06-02 17:54:40,829 | INFO - Shutdown Received
2022-06-02 17:54:40,829 | INFO - Shutdown Received
2022-06-02 17:54:40,829 | INFO - Shutdown Received
2022-06-02 17:54:40,830 | INFO - Shutdown Received
2022-06-02 17:54:40,830 | INFO - Shutdown Received
2022-06-02 17:54:40,830 | INFO - Shutdown Received
2022-06-02 17:54:40,830 | INFO - Shutdown Received
2022-06-02 17:54:40,830 | INFO - Shutdown Received
2022-06-02 17:54:40,831 | INFO - Shutdown Received
2022-06-02 17:54:40,831 | INFO - Shutdown Received
2022-06-02 17:54:40,831 | INFO - Shutdown Received
2022-06-02 17:54:40,832 | INFO - Shutdown Received
2022-06-02 17:54:40,832 | INFO - Shutdown Received
2022-06-02 17:54:40,832 | INFO - Shutdown Received
2022-06-02 17:54:40,837 | INFO - Shutdown Received
2022-06-02 17:54:40,839 | INFO - Shutdown Received
2022-06-02 17:54:40,839 | INFO - Shutdown Received
2022-06-02 17:54:40,840 | INFO - Shutdown Received
2022-06-02 17:54:40,840 | INFO - Shutdown Received
2022-06-02 17:54:40,840 | INFO - Shutdown Received
2022-06-02 17:54:40,841 | INFO - Shutdown Received
2022-06-02 17:54:40,841 | INFO - Shutdown Received
2022-06-02 17:54:40,842 | INFO - Shutdown Received
2022-06-02 17:54:40,843 | INFO - Shutdown Received
2022-06-02 17:54:40,843 | INFO - Shutdown Received
2022-06-02 17:54:40,844 | INFO - Shutdown Received
2022-06-02 17:54:40,844 | INFO - Shutdown Received
2022-06-02 17:54:40,844 | INFO - Shutdown Received
2022-06-02 17:54:40,844 | INFO - Shutdown Received
2022-06-02 17:54:40,844 | INFO - Shutdown Received
2022-06-02 17:54:40,845 | INFO - Shutdown Received
2022-06-02 17:54:40,845 | INFO - Shutdown Received
2022-06-02 17:54:40,845 | INFO - Shutdown Received
2022-06-02 17:54:40,846 | INFO - Shutdown Received
2022-06-02 17:54:40,846 | INFO - Shutdown Received
2022-06-02 17:54:40,846 | INFO - Shutdown Received
2022-06-02 17:54:40,846 | INFO - Shutdown Received
2022-06-02 17:54:40,846 | INFO - Shutdown Received
2022-06-02 17:54:40,847 | INFO - Shutdown Received
2022-06-02 17:54:40,847 | INFO - Shutdown Received
2022-06-02 17:54:40,847 | INFO - Shutdown Received
2022-06-02 17:54:40,847 | INFO - Shutdown Received
2022-06-02 17:54:40,848 | INFO - Shutdown Received
2022-06-02 17:54:40,848 | INFO - Shutdown Received
2022-06-02 17:54:40,848 | INFO - Shutdown Received
2022-06-02 17:54:40,849 | INFO - Shutdown Received
2022-06-02 17:54:40,849 | INFO - Shutdown Received
2022-06-02 17:54:40,849 | INFO - Shutdown Received
2022-06-02 17:54:40,849 | INFO - Shutdown Received
2022-06-02 17:54:40,850 | INFO - Shutdown Received
2022-06-02 17:54:40,850 | INFO - Shutdown Received
2022-06-02 17:54:40,850 | INFO - Shutdown Received
2022-06-02 17:54:40,850 | INFO - Shutdown Received
2022-06-02 17:54:40,855 | INFO - Shutdown Received
2022-06-02 17:54:40,856 | INFO - Shutdown Received
2022-06-02 17:54:40,856 | INFO - Shutdown Received
2022-06-02 17:54:40,857 | INFO - Shutdown Received
2022-06-02 17:54:40,857 | INFO - Shutdown Received
2022-06-02 17:54:40,857 | INFO - Shutdown Received
2022-06-02 17:54:40,857 | INFO - Shutdown Received
2022-06-02 17:54:40,857 | INFO - Shutdown Received
2022-06-02 17:54:40,858 | INFO - Shutdown Received
2022-06-02 17:54:40,858 | INFO - Shutdown Received
2022-06-02 17:54:40,858 | INFO - Shutdown Received
2022-06-02 17:54:40,858 | INFO - Shutdown Received
2022-06-02 17:54:40,858 | INFO - Shutdown Received
2022-06-02 17:54:40,859 | INFO - Shutdown Received
2022-06-02 17:54:40,859 | INFO - Shutdown Received
2022-06-02 17:54:40,859 | INFO - Shutdown Received
2022-06-02 17:54:40,859 | INFO - Shutdown Received
2022-06-02 17:54:40,859 | INFO - Shutdown Received
2022-06-02 17:54:40,859 | INFO - Shutdown Received
2022-06-02 17:54:40,860 | INFO - Shutdown Received
2022-06-02 17:54:40,860 | INFO - Shutdown Received
2022-06-02 17:54:40,860 | INFO - Shutdown Received
2022-06-02 17:54:40,860 | INFO - Shutdown Received
2022-06-02 17:54:40,860 | INFO - Shutdown Received
2022-06-02 17:54:40,860 | INFO - Shutdown Received
2022-06-02 17:54:40,861 | INFO - Shutdown Received
2022-06-02 17:54:40,861 | INFO - Shutdown Received
2022-06-02 17:54:40,861 | INFO - Shutdown Received
2022-06-02 17:54:40,861 | INFO - Shutdown Received
2022-06-02 17:54:40,861 | INFO - Shutdown Received
2022-06-02 17:54:40,862 | INFO - Shutdown Received
2022-06-02 17:54:40,862 | INFO - Shutdown Received
2022-06-02 17:54:40,862 | INFO - Shutdown Received
2022-06-02 17:54:40,862 | INFO - Shutdown Received
2022-06-02 17:54:40,862 | INFO - Shutdown Received
2022-06-02 17:54:40,862 | INFO - Shutdown Received
2022-06-02 17:54:40,863 | INFO - Shutdown Received
2022-06-02 17:54:40,863 | INFO - Shutdown Received
2022-06-02 17:54:40,863 | INFO - Shutdown Received
2022-06-02 17:54:40,863 | INFO - Shutdown Received
2022-06-02 17:54:40,864 | INFO - Shutdown Received
2022-06-02 17:54:40,864 | INFO - Shutdown Received
2022-06-02 17:54:40,864 | INFO - Shutdown Received
2022-06-02 17:54:40,864 | INFO - Shutdown Received
2022-06-02 17:54:40,864 | INFO - Shutdown Received
2022-06-02 17:54:40,864 | INFO - Shutdown Received
2022-06-02 17:54:40,865 | INFO - Shutdown Received
2022-06-02 17:54:40,865 | INFO - Shutdown Received
2022-06-02 17:54:40,865 | INFO - Shutdown Received
2022-06-02 17:54:40,865 | INFO - Shutdown Received
2022-06-02 17:54:40,865 | INFO - Shutdown Received
2022-06-02 17:54:40,865 | INFO - Shutdown Received
2022-06-02 17:54:40,866 | INFO - Shutdown Received
2022-06-02 17:54:40,866 | INFO - Shutdown Received
2022-06-02 17:54:40,866 | INFO - Shutdown Received
2022-06-02 17:54:40,866 | INFO - Shutdown Received
2022-06-02 17:54:40,866 | INFO - Shutdown Received
2022-06-02 17:54:40,868 | INFO - Shutdown Received
2022-06-02 17:54:40,868 | INFO - Shutdown Received
2022-06-02 17:54:40,868 | INFO - Shutdown Received
2022-06-02 17:54:40,869 | INFO - Shutdown Received
2022-06-02 17:54:40,869 | INFO - Shutdown Received
2022-06-02 17:54:40,869 | INFO - Shutdown Received
2022-06-02 17:54:40,869 | INFO - Shutdown Received
2022-06-02 17:54:40,870 | INFO - Shutdown Received
2022-06-02 17:54:40,870 | INFO - Shutdown Received
2022-06-02 17:54:40,870 | INFO - Shutdown Received
2022-06-02 17:54:40,870 | INFO - Shutdown Received
2022-06-02 17:54:40,870 | INFO - Shutdown Received
2022-06-02 17:54:40,871 | INFO - Shutdown Received
2022-06-02 17:54:40,871 | INFO - Shutdown Received
2022-06-02 17:54:40,871 | INFO - Shutdown Received
2022-06-02 17:54:40,871 | INFO - Shutdown Received
2022-06-02 17:54:40,872 | INFO - Shutdown Received
2022-06-02 17:54:40,872 | INFO - Shutdown Received
2022-06-02 17:54:40,872 | INFO - Shutdown Received
2022-06-02 17:54:40,872 | INFO - Shutdown Received
2022-06-02 17:54:40,872 | INFO - Shutdown Received
2022-06-02 17:54:40,872 | INFO - Shutdown Received
2022-06-02 17:54:40,873 | INFO - Shutdown Received
2022-06-02 17:54:40,873 | INFO - Shutdown Received
2022-06-02 17:54:40,873 | INFO - Shutdown Received
2022-06-02 17:54:40,874 | INFO - Shutdown Received
2022-06-02 17:54:40,874 | INFO - Shutdown Received
2022-06-02 17:54:40,874 | INFO - Shutdown Received
2022-06-02 17:54:40,874 | INFO - Shutdown Received
2022-06-02 17:54:40,874 | INFO - Shutdown Received
2022-06-02 17:54:40,874 | INFO - Shutdown Received
2022-06-02 17:54:40,875 | INFO - Shutdown Received
2022-06-02 17:54:40,875 | INFO - Shutdown Received
2022-06-02 17:54:40,875 | INFO - Shutdown Received
2022-06-02 17:54:40,875 | INFO - Shutdown Received
2022-06-02 17:54:40,875 | INFO - Shutdown Received
2022-06-02 17:54:40,875 | INFO - Shutdown Received
2022-06-02 17:54:40,876 | INFO - Shutdown Received
2022-06-02 17:54:40,876 | INFO - Shutdown Received
2022-06-02 17:54:40,876 | INFO - Shutdown Received
2022-06-02 17:54:40,876 | INFO - Shutdown Received
2022-06-02 17:54:40,876 | INFO - Shutdown Received
2022-06-02 17:54:40,876 | INFO - Shutdown Received
2022-06-02 17:54:40,877 | INFO - Shutdown Received
2022-06-02 17:54:40,877 | INFO - Shutdown Received
2022-06-02 17:54:40,877 | INFO - Shutdown Received
2022-06-02 17:54:40,878 | INFO - Shutdown Received
2022-06-02 17:54:40,878 | INFO - Shutdown Received
2022-06-02 17:54:40,878 | INFO - Shutdown Received
2022-06-02 17:54:40,878 | INFO - Shutdown Received
2022-06-02 17:54:40,878 | INFO - Shutdown Received
2022-06-02 17:54:40,879 | INFO - Shutdown Received
2022-06-02 17:54:40,879 | INFO - Shutdown Received
2022-06-02 17:54:40,879 | INFO - Shutdown Received
2022-06-02 17:54:40,879 | INFO - Shutdown Received
2022-06-02 17:54:40,879 | INFO - Shutdown Received
2022-06-02 17:54:40,879 | INFO - Shutdown Received
2022-06-02 17:54:40,880 | INFO - Shutdown Received
2022-06-02 17:54:40,880 | INFO - Shutdown Received
2022-06-02 17:54:40,880 | INFO - Shutdown Received
2022-06-02 17:54:40,880 | INFO - Shutdown Received
2022-06-02 17:54:40,880 | INFO - Shutdown Received
2022-06-02 17:54:40,880 | INFO - Shutdown Received
2022-06-02 17:54:40,881 | INFO - Shutdown Received
2022-06-02 17:54:40,881 | INFO - Shutdown Received
2022-06-02 17:54:40,881 | INFO - Shutdown Received
2022-06-02 17:54:40,881 | INFO - Shutdown Received
2022-06-02 17:54:40,881 | INFO - Shutdown Received
2022-06-02 17:54:40,881 | INFO - Shutdown Received
2022-06-02 17:54:40,889 | INFO - Shutdown Received
2022-06-02 17:54:40,890 | INFO - Shutdown Received
2022-06-02 17:54:40,890 | INFO - Shutdown Received
2022-06-02 17:54:40,890 | INFO - Shutdown Received
2022-06-02 17:54:40,890 | INFO - Shutdown Received
2022-06-02 17:54:40,891 | INFO - Shutdown Received
2022-06-02 17:54:40,891 | INFO - Shutdown Received
2022-06-02 17:54:40,891 | INFO - Shutdown Received
2022-06-02 17:54:40,891 | INFO - Shutdown Received
2022-06-02 17:54:40,891 | INFO - Shutdown Received
2022-06-02 17:54:40,891 | INFO - Shutdown Received
2022-06-02 17:54:40,892 | INFO - Shutdown Received
2022-06-02 17:54:40,892 | INFO - Shutdown Received
2022-06-02 17:54:40,892 | INFO - Shutdown Received
2022-06-02 17:54:40,892 | INFO - Shutdown Received
2022-06-02 17:54:40,892 | INFO - Shutdown Received
2022-06-02 17:54:40,892 | INFO - Shutdown Received
2022-06-02 17:54:40,893 | INFO - Shutdown Received
2022-06-02 17:54:40,893 | INFO - Shutdown Received
2022-06-02 17:54:40,893 | INFO - Shutdown Received
2022-06-02 17:54:40,893 | INFO - Shutdown Received
2022-06-02 17:54:40,893 | INFO - Shutdown Received
2022-06-02 17:54:40,893 | INFO - Shutdown Received
2022-06-02 17:54:40,894 | INFO - Shutdown Received
2022-06-02 17:54:40,894 | INFO - Shutdown Received
2022-06-02 17:54:40,896 | INFO - Shutdown Received
2022-06-02 17:54:40,896 | INFO - Shutdown Received
2022-06-02 17:54:40,896 | INFO - Shutdown Received
2022-06-02 17:54:40,897 | INFO - Shutdown Received
2022-06-02 17:54:40,897 | INFO - Shutdown Received
2022-06-02 17:54:40,897 | INFO - Shutdown Received
2022-06-02 17:54:40,897 | INFO - Shutdown Received
2022-06-02 17:54:40,897 | INFO - Shutdown Received
2022-06-02 17:54:40,897 | INFO - Shutdown Received
2022-06-02 17:54:40,898 | INFO - Shutdown Received
2022-06-02 17:54:40,898 | INFO - Shutdown Received
2022-06-02 17:54:40,898 | INFO - Shutdown Received
2022-06-02 17:54:40,899 | INFO - Shutdown Received
2022-06-02 17:54:40,899 | INFO - Shutdown Received
2022-06-02 17:54:40,899 | INFO - Shutdown Received
2022-06-02 17:54:40,899 | INFO - Shutdown Received
2022-06-02 17:54:40,900 | INFO - Shutdown Received
2022-06-02 17:54:40,900 | INFO - Shutdown Received
2022-06-02 17:54:40,900 | INFO - Shutdown Received
2022-06-02 17:54:40,900 | INFO - Shutdown Received
2022-06-02 17:54:40,900 | INFO - Shutdown Received
2022-06-02 17:54:40,901 | INFO - Shutdown Received
2022-06-02 17:54:40,901 | INFO - Shutdown Received
2022-06-02 17:54:40,901 | INFO - Shutdown Received
2022-06-02 17:54:40,901 | INFO - Shutdown Received
2022-06-02 17:54:40,901 | INFO - Shutdown Received
2022-06-02 17:54:40,901 | INFO - Shutdown Received
2022-06-02 17:54:40,902 | INFO - Shutdown Received
2022-06-02 17:54:40,905 | INFO - Shutdown Received
2022-06-02 17:54:40,905 | INFO - Shutdown Received
2022-06-02 17:54:40,906 | INFO - Shutdown Received
2022-06-02 17:54:40,909 | INFO - Shutdown Received
2022-06-02 17:54:40,909 | INFO - Shutdown Received
2022-06-02 17:54:40,909 | INFO - Shutdown Received
2022-06-02 17:54:40,909 | INFO - Shutdown Received
2022-06-02 17:54:40,909 | INFO - Shutdown Received
2022-06-02 17:54:40,910 | INFO - Shutdown Received
2022-06-02 17:54:40,910 | INFO - Shutdown Received
2022-06-02 17:54:40,910 | INFO - Shutdown Received
2022-06-02 17:54:40,910 | INFO - Shutdown Received
2022-06-02 17:54:40,910 | INFO - Shutdown Received
2022-06-02 17:54:40,911 | INFO - Shutdown Received
2022-06-02 17:54:40,911 | INFO - Shutdown Received
2022-06-02 17:54:40,911 | INFO - Shutdown Received
2022-06-02 17:54:40,911 | INFO - Shutdown Received
2022-06-02 17:54:40,911 | INFO - Shutdown Received
2022-06-02 17:54:40,912 | INFO - Shutdown Received
2022-06-02 17:54:40,912 | INFO - Shutdown Received
2022-06-02 17:54:40,912 | INFO - Shutdown Received
2022-06-02 17:54:40,912 | INFO - Shutdown Received
2022-06-02 17:54:40,912 | INFO - Shutdown Received
2022-06-02 17:54:40,913 | INFO - Shutdown Received
2022-06-02 17:54:40,913 | INFO - Shutdown Received
2022-06-02 17:54:40,913 | INFO - Shutdown Received
2022-06-02 17:54:40,913 | INFO - Shutdown Received
2022-06-02 17:54:40,914 | INFO - Shutdown Received
2022-06-02 17:54:40,914 | INFO - Shutdown Received
2022-06-02 17:54:40,914 | INFO - Shutdown Received
2022-06-02 17:54:40,914 | INFO - Shutdown Received
2022-06-02 17:54:40,917 | INFO - Shutdown Received
2022-06-02 17:54:40,920 | INFO - Shutdown Received
2022-06-02 17:54:40,920 | INFO - Shutdown Received
2022-06-02 17:54:40,921 | INFO - Shutdown Received
2022-06-02 17:54:40,921 | INFO - Shutdown Received
2022-06-02 17:54:40,921 | INFO - Shutdown Received
2022-06-02 17:54:40,922 | INFO - Shutdown Received
2022-06-02 17:54:40,922 | INFO - Shutdown Received
2022-06-02 17:54:40,923 | INFO - Shutdown Received
2022-06-02 17:54:40,923 | INFO - Shutdown Received
2022-06-02 17:54:40,924 | INFO - Shutdown Received
2022-06-02 17:54:40,924 | INFO - Shutdown Received
2022-06-02 17:54:40,924 | INFO - Shutdown Received
2022-06-02 17:54:40,924 | INFO - Shutdown Received
2022-06-02 17:54:40,925 | INFO - Shutdown Received
2022-06-02 17:54:40,925 | INFO - Shutdown Received
2022-06-02 17:54:40,925 | INFO - Shutdown Received
2022-06-02 17:54:40,925 | INFO - Shutdown Received
2022-06-02 17:54:40,926 | INFO - Shutdown Received
2022-06-02 17:54:40,926 | INFO - Shutdown Received
2022-06-02 17:54:40,926 | INFO - Shutdown Received
2022-06-02 17:54:40,926 | INFO - Shutdown Received
2022-06-02 17:54:40,927 | INFO - Shutdown Received
2022-06-02 17:54:40,927 | INFO - Shutdown Received
2022-06-02 17:54:40,927 | INFO - Shutdown Received
2022-06-02 17:54:40,928 | INFO - Shutdown Received
2022-06-02 17:54:40,928 | INFO - Shutdown Received
2022-06-02 17:54:40,928 | INFO - Shutdown Received
2022-06-02 17:54:40,928 | INFO - Shutdown Received
2022-06-02 17:54:40,929 | INFO - Shutdown Received
2022-06-02 17:54:40,929 | INFO - Shutdown Received
2022-06-02 17:54:40,929 | INFO - Shutdown Received
2022-06-02 17:54:40,929 | INFO - Shutdown Received
2022-06-02 17:54:40,930 | INFO - Shutdown Received
2022-06-02 17:54:40,930 | INFO - Shutdown Received
2022-06-02 17:54:40,930 | INFO - Shutdown Received
2022-06-02 17:54:40,930 | INFO - Shutdown Received
2022-06-02 17:54:40,930 | INFO - Shutdown Received
2022-06-02 17:54:40,937 | INFO - Shutdown Received
2022-06-02 17:54:40,937 | INFO - Shutdown Received
2022-06-02 17:54:40,938 | INFO - Shutdown Received
2022-06-02 17:54:40,938 | INFO - Shutdown Received
2022-06-02 17:54:40,939 | INFO - Shutdown Received
2022-06-02 17:54:40,939 | INFO - Shutdown Received
2022-06-02 17:54:40,939 | INFO - Shutdown Received
2022-06-02 17:54:40,939 | INFO - Shutdown Received
2022-06-02 17:54:40,940 | INFO - Shutdown Received
2022-06-02 17:54:40,940 | INFO - Shutdown Received
2022-06-02 17:54:40,940 | INFO - Shutdown Received
2022-06-02 17:54:40,940 | INFO - Shutdown Received
2022-06-02 17:54:40,941 | INFO - Shutdown Received
2022-06-02 17:54:40,941 | INFO - Shutdown Received
2022-06-02 17:54:40,941 | INFO - Shutdown Received
2022-06-02 17:54:40,942 | INFO - Shutdown Received
2022-06-02 17:54:40,942 | INFO - Shutdown Received
2022-06-02 17:54:40,942 | INFO - Shutdown Received
2022-06-02 17:54:40,942 | INFO - Shutdown Received
2022-06-02 17:54:40,943 | INFO - Shutdown Received
2022-06-02 17:54:40,943 | INFO - Shutdown Received
2022-06-02 17:54:40,943 | INFO - Shutdown Received
2022-06-02 17:54:40,943 | INFO - Shutdown Received
2022-06-02 17:54:40,944 | INFO - Shutdown Received
2022-06-02 17:54:40,944 | INFO - Shutdown Received
2022-06-02 17:54:40,944 | INFO - Shutdown Received
2022-06-02 17:54:40,944 | INFO - Shutdown Received
2022-06-02 17:54:40,945 | INFO - Shutdown Received
2022-06-02 17:54:40,945 | INFO - Shutdown Received
2022-06-02 17:54:40,945 | INFO - Shutdown Received
2022-06-02 17:54:40,945 | INFO - Shutdown Received
2022-06-02 17:54:40,946 | INFO - Shutdown Received
2022-06-02 17:54:40,946 | INFO - Shutdown Received
2022-06-02 17:54:40,946 | INFO - Shutdown Received
2022-06-02 17:54:40,946 | INFO - Shutdown Received
2022-06-02 17:54:40,950 | INFO - Shutdown Received
2022-06-02 17:54:40,951 | INFO - Shutdown Received
2022-06-02 17:54:40,951 | INFO - Shutdown Received
2022-06-02 17:54:40,951 | INFO - Shutdown Received
2022-06-02 17:54:40,953 | INFO - Shutdown Received
2022-06-02 17:54:40,953 | INFO - Shutdown Received
2022-06-02 17:54:40,953 | INFO - Shutdown Received
2022-06-02 17:54:40,954 | INFO - Shutdown Received
2022-06-02 17:54:40,954 | INFO - Shutdown Received
2022-06-02 17:54:40,954 | INFO - Shutdown Received
2022-06-02 17:54:40,954 | INFO - Shutdown Received
2022-06-02 17:54:40,955 | INFO - Shutdown Received
2022-06-02 17:54:40,955 | INFO - Shutdown Received
2022-06-02 17:54:40,955 | INFO - Shutdown Received
2022-06-02 17:54:40,955 | INFO - Shutdown Received
2022-06-02 17:54:40,956 | INFO - Shutdown Received
2022-06-02 17:54:40,956 | INFO - Shutdown Received
2022-06-02 17:54:40,956 | INFO - Shutdown Received
2022-06-02 17:54:40,956 | INFO - Shutdown Received
2022-06-02 17:54:40,957 | INFO - Shutdown Received
2022-06-02 17:54:40,957 | INFO - Shutdown Received
2022-06-02 17:54:40,957 | INFO - Shutdown Received
2022-06-02 17:54:40,957 | INFO - Shutdown Received
2022-06-02 17:54:40,957 | INFO - Shutdown Received
2022-06-02 17:54:40,958 | INFO - Shutdown Received
2022-06-02 17:54:40,958 | INFO - Shutdown Received
2022-06-02 17:54:40,958 | INFO - Shutdown Received
2022-06-02 17:54:40,959 | INFO - Shutdown Received
2022-06-02 17:54:40,959 | INFO - Shutdown Received
2022-06-02 17:54:40,959 | INFO - Shutdown Received
2022-06-02 17:54:40,959 | INFO - Shutdown Received
2022-06-02 17:54:40,959 | INFO - Shutdown Received
2022-06-02 17:54:40,960 | INFO - Shutdown Received
2022-06-02 17:54:40,960 | INFO - Shutdown Received
2022-06-02 17:54:40,960 | INFO - Shutdown Received
2022-06-02 17:54:40,960 | INFO - Shutdown Received
2022-06-02 17:54:40,960 | INFO - Shutdown Received
2022-06-02 17:54:40,960 | INFO - Shutdown Received
2022-06-02 17:54:40,961 | INFO - Shutdown Received
2022-06-02 17:54:40,961 | INFO - Shutdown Received
2022-06-02 17:54:40,961 | INFO - Shutdown Received
2022-06-02 17:54:40,961 | INFO - Shutdown Received
2022-06-02 17:54:40,961 | INFO - Shutdown Received
2022-06-02 17:54:40,961 | INFO - Shutdown Received
2022-06-02 17:54:40,962 | INFO - Shutdown Received
2022-06-02 17:54:40,962 | INFO - Shutdown Received
2022-06-02 17:54:40,962 | INFO - Shutdown Received
2022-06-02 17:54:40,962 | INFO - Shutdown Received
2022-06-02 17:54:40,962 | INFO - Shutdown Received
2022-06-02 17:54:40,962 | INFO - Shutdown Received
2022-06-02 17:54:40,964 | INFO - Shutdown Received
2022-06-02 17:54:40,965 | INFO - Shutdown Received
2022-06-02 17:54:40,965 | INFO - Shutdown Received
2022-06-02 17:54:40,966 | INFO - Shutdown Received
2022-06-02 17:54:40,966 | INFO - Shutdown Received
2022-06-02 17:54:40,966 | INFO - Shutdown Received
2022-06-02 17:54:40,966 | INFO - Shutdown Received
2022-06-02 17:54:40,966 | INFO - Shutdown Received
2022-06-02 17:54:40,967 | INFO - Shutdown Received
2022-06-02 17:54:40,968 | INFO - Shutdown Received
2022-06-02 17:54:40,968 | INFO - Shutdown Received
2022-06-02 17:54:40,969 | INFO - Shutdown Received
2022-06-02 17:54:40,970 | INFO - Shutdown Received
2022-06-02 17:54:40,970 | INFO - Shutdown Received
2022-06-02 17:54:40,970 | INFO - Shutdown Received
2022-06-02 17:54:40,970 | INFO - Shutdown Received
2022-06-02 17:54:40,970 | INFO - Shutdown Received
2022-06-02 17:54:40,971 | INFO - Shutdown Received
2022-06-02 17:54:40,971 | INFO - Shutdown Received
2022-06-02 17:54:40,972 | INFO - Shutdown Received
2022-06-02 17:54:40,972 | INFO - Shutdown Received
2022-06-02 17:54:40,972 | INFO - Shutdown Received
2022-06-02 17:54:40,972 | INFO - Shutdown Received
2022-06-02 17:54:40,973 | INFO - Shutdown Received
2022-06-02 17:54:40,973 | INFO - Shutdown Received
2022-06-02 17:54:40,973 | INFO - Shutdown Received
2022-06-02 17:54:40,974 | INFO - Shutdown Received
2022-06-02 17:54:40,974 | INFO - Shutdown Received
2022-06-02 17:54:40,974 | INFO - Shutdown Received
2022-06-02 17:54:40,974 | INFO - Shutdown Received
2022-06-02 17:54:40,975 | INFO - Shutdown Received
2022-06-02 17:54:40,975 | INFO - Shutdown Received
2022-06-02 17:54:40,976 | INFO - Shutdown Received
2022-06-02 17:54:40,976 | INFO - Shutdown Received
2022-06-02 17:54:40,976 | INFO - Shutdown Received
2022-06-02 17:54:40,976 | INFO - Shutdown Received
2022-06-02 17:54:40,977 | INFO - Shutdown Received
2022-06-02 17:54:40,977 | INFO - Shutdown Received
2022-06-02 17:54:40,977 | INFO - Shutdown Received
2022-06-02 17:54:40,977 | INFO - Shutdown Received
2022-06-02 17:54:40,978 | INFO - Shutdown Received
2022-06-02 17:54:40,982 | INFO - Shutdown Received
2022-06-02 17:54:40,983 | INFO - Shutdown Received
2022-06-02 17:54:40,983 | INFO - Shutdown Received
2022-06-02 17:54:40,983 | INFO - Shutdown Received
2022-06-02 17:54:40,984 | INFO - Shutdown Received
2022-06-02 17:54:40,984 | INFO - Shutdown Received
2022-06-02 17:54:40,985 | INFO - Shutdown Received
2022-06-02 17:54:40,985 | INFO - Shutdown Received
2022-06-02 17:54:40,985 | INFO - Shutdown Received
2022-06-02 17:54:40,985 | INFO - Shutdown Received
2022-06-02 17:54:40,985 | INFO - Shutdown Received
2022-06-02 17:54:40,986 | INFO - Shutdown Received
2022-06-02 17:54:40,986 | INFO - Shutdown Received
2022-06-02 17:54:40,986 | INFO - Shutdown Received
2022-06-02 17:54:40,986 | INFO - Shutdown Received
2022-06-02 17:54:40,986 | INFO - Shutdown Received
2022-06-02 17:54:40,987 | INFO - Shutdown Received
2022-06-02 17:54:40,987 | INFO - Shutdown Received
2022-06-02 17:54:40,987 | INFO - Shutdown Received
2022-06-02 17:54:40,987 | INFO - Shutdown Received
2022-06-02 17:54:40,987 | INFO - Shutdown Received
2022-06-02 17:54:40,987 | INFO - Shutdown Received
2022-06-02 17:54:40,988 | INFO - Shutdown Received
2022-06-02 17:54:40,988 | INFO - Shutdown Received
2022-06-02 17:54:40,988 | INFO - Shutdown Received
2022-06-02 17:54:40,988 | INFO - Shutdown Received
2022-06-02 17:54:40,988 | INFO - Shutdown Received
2022-06-02 17:54:40,988 | INFO - Shutdown Received
2022-06-02 17:54:40,989 | INFO - Shutdown Received
2022-06-02 17:54:40,989 | INFO - Shutdown Received
2022-06-02 17:54:40,989 | INFO - Shutdown Received
2022-06-02 17:54:40,989 | INFO - Shutdown Received
2022-06-02 17:54:40,989 | INFO - Shutdown Received
2022-06-02 17:54:40,989 | INFO - Shutdown Received
2022-06-02 17:54:40,990 | INFO - Shutdown Received
2022-06-02 17:54:40,990 | INFO - Shutdown Received
2022-06-02 17:54:40,990 | INFO - Shutdown Received
2022-06-02 17:54:40,990 | INFO - Shutdown Received
2022-06-02 17:54:40,990 | INFO - Shutdown Received
2022-06-02 17:54:40,990 | INFO - Shutdown Received
2022-06-02 17:54:40,991 | INFO - Shutdown Received
2022-06-02 17:54:40,991 | INFO - Shutdown Received
2022-06-02 17:54:40,991 | INFO - Shutdown Received
2022-06-02 17:54:40,991 | INFO - Shutdown Received
2022-06-02 17:54:40,991 | INFO - Shutdown Received
2022-06-02 17:54:40,991 | INFO - Shutdown Received
2022-06-02 17:54:40,992 | INFO - Shutdown Received
2022-06-02 17:54:40,992 | INFO - Shutdown Received
2022-06-02 17:54:40,992 | INFO - Shutdown Received
2022-06-02 17:54:40,992 | INFO - Shutdown Received
2022-06-02 17:54:40,992 | INFO - Shutdown Received
2022-06-02 17:54:40,992 | INFO - Shutdown Received
2022-06-02 17:54:40,993 | INFO - Shutdown Received
2022-06-02 17:54:40,993 | INFO - Shutdown Received
2022-06-02 17:54:40,993 | INFO - Shutdown Received
2022-06-02 17:54:40,993 | INFO - Shutdown Received
2022-06-02 17:54:40,993 | INFO - Shutdown Received
2022-06-02 17:54:40,993 | INFO - Shutdown Received
2022-06-02 17:54:40,995 | INFO - Shutdown Received
2022-06-02 17:54:40,995 | INFO - Shutdown Received
2022-06-02 17:54:40,995 | INFO - Shutdown Received
2022-06-02 17:54:40,995 | INFO - Shutdown Received
2022-06-02 17:54:40,995 | INFO - Shutdown Received
2022-06-02 17:54:40,996 | INFO - Shutdown Received
2022-06-02 17:54:40,996 | INFO - Shutdown Received
2022-06-02 17:54:40,996 | INFO - Shutdown Received
2022-06-02 17:54:40,997 | INFO - Shutdown Received
2022-06-02 17:54:40,997 | INFO - Shutdown Received
2022-06-02 17:54:40,997 | INFO - Shutdown Received
2022-06-02 17:54:40,997 | INFO - Shutdown Received
2022-06-02 17:54:40,997 | INFO - Shutdown Received
2022-06-02 17:54:40,998 | INFO - Shutdown Received
2022-06-02 17:54:40,998 | INFO - Shutdown Received
2022-06-02 17:54:40,998 | INFO - Shutdown Received
2022-06-02 17:54:40,998 | INFO - Shutdown Received
2022-06-02 17:54:40,999 | INFO - Shutdown Received
2022-06-02 17:54:40,999 | INFO - Shutdown Received
2022-06-02 17:54:40,999 | INFO - Shutdown Received
2022-06-02 17:54:40,999 | INFO - Shutdown Received
2022-06-02 17:54:40,999 | INFO - Shutdown Received
2022-06-02 17:54:40,999 | INFO - Shutdown Received
2022-06-02 17:54:41,000 | INFO - Shutdown Received
2022-06-02 17:54:41,000 | INFO - Shutdown Received
2022-06-02 17:54:41,000 | INFO - Shutdown Received
2022-06-02 17:54:41,000 | INFO - Shutdown Received
2022-06-02 17:54:41,001 | INFO - Shutdown Received
2022-06-02 17:54:41,001 | INFO - Shutdown Received
2022-06-02 17:54:41,001 | INFO - Shutdown Received
2022-06-02 17:54:41,001 | INFO - Shutdown Received
2022-06-02 17:54:41,005 | INFO - Shutdown Received
2022-06-02 17:54:41,006 | INFO - Shutdown Received
2022-06-02 17:54:41,006 | INFO - Shutdown Received
2022-06-02 17:54:41,006 | INFO - Shutdown Received
2022-06-02 17:54:41,006 | INFO - Shutdown Received
2022-06-02 17:54:41,007 | INFO - Shutdown Received
2022-06-02 17:54:41,007 | INFO - Shutdown Received
2022-06-02 17:54:41,007 | INFO - Shutdown Received
2022-06-02 17:54:41,007 | INFO - Shutdown Received
2022-06-02 17:54:41,007 | INFO - Shutdown Received
2022-06-02 17:54:41,008 | INFO - Shutdown Received
2022-06-02 17:54:41,008 | INFO - Shutdown Received
2022-06-02 17:54:41,008 | INFO - Shutdown Received
2022-06-02 17:54:41,008 | INFO - Shutdown Received
2022-06-02 17:54:41,009 | INFO - Shutdown Received
2022-06-02 17:54:41,009 | INFO - Shutdown Received
2022-06-02 17:54:41,009 | INFO - Shutdown Received
2022-06-02 17:54:41,009 | INFO - Shutdown Received
2022-06-02 17:54:41,009 | INFO - Shutdown Received
2022-06-02 17:54:41,009 | INFO - Shutdown Received
2022-06-02 17:54:41,010 | INFO - Shutdown Received
2022-06-02 17:54:41,010 | INFO - Shutdown Received
2022-06-02 17:54:41,011 | INFO - Shutdown Received
2022-06-02 17:54:41,011 | INFO - Shutdown Received
2022-06-02 17:54:41,011 | INFO - Shutdown Received
2022-06-02 17:54:41,011 | INFO - Shutdown Received
2022-06-02 17:54:41,013 | INFO - Shutdown Received
2022-06-02 17:54:41,014 | INFO - Shutdown Received
2022-06-02 17:54:41,014 | INFO - Shutdown Received
2022-06-02 17:54:41,015 | INFO - Shutdown Received
2022-06-02 17:54:41,015 | INFO - Shutdown Received
2022-06-02 17:54:41,015 | INFO - Shutdown Received
2022-06-02 17:54:41,015 | INFO - Shutdown Received
2022-06-02 17:54:41,015 | INFO - Shutdown Received
2022-06-02 17:54:41,015 | INFO - Shutdown Received
2022-06-02 17:54:41,016 | INFO - Shutdown Received
2022-06-02 17:54:41,016 | INFO - Shutdown Received
2022-06-02 17:54:41,016 | INFO - Shutdown Received
2022-06-02 17:54:41,016 | INFO - Shutdown Received
2022-06-02 17:54:41,016 | INFO - Shutdown Received
2022-06-02 17:54:41,017 | INFO - Shutdown Received
2022-06-02 17:54:41,017 | INFO - Shutdown Received
2022-06-02 17:54:41,018 | INFO - Shutdown Received
2022-06-02 17:54:41,018 | INFO - Shutdown Received
2022-06-02 17:54:41,018 | INFO - Shutdown Received
2022-06-02 17:54:41,018 | INFO - Shutdown Received
2022-06-02 17:54:41,019 | INFO - Shutdown Received
2022-06-02 17:54:41,019 | INFO - Shutdown Received
2022-06-02 17:54:41,019 | INFO - Shutdown Received
2022-06-02 17:54:41,019 | INFO - Shutdown Received
2022-06-02 17:54:41,019 | INFO - Shutdown Received
2022-06-02 17:54:41,019 | INFO - Shutdown Received
2022-06-02 17:54:41,020 | INFO - Shutdown Received
2022-06-02 17:54:41,020 | INFO - Shutdown Received
2022-06-02 17:54:41,020 | INFO - Shutdown Received
2022-06-02 17:54:41,020 | INFO - Shutdown Received
2022-06-02 17:54:41,020 | INFO - Shutdown Received
2022-06-02 17:54:41,020 | INFO - Shutdown Received
2022-06-02 17:54:41,021 | INFO - Shutdown Received
2022-06-02 17:54:41,021 | INFO - Shutdown Received
2022-06-02 17:54:41,021 | INFO - Shutdown Received
2022-06-02 17:54:41,021 | INFO - Shutdown Received
2022-06-02 17:54:41,021 | INFO - Shutdown Received
2022-06-02 17:54:41,021 | INFO - Shutdown Received
2022-06-02 17:54:41,022 | INFO - Shutdown Received
2022-06-02 17:54:41,022 | INFO - Shutdown Received
2022-06-02 17:54:41,022 | INFO - Shutdown Received
2022-06-02 17:54:41,022 | INFO - Shutdown Received
2022-06-02 17:54:41,022 | INFO - Shutdown Received
2022-06-02 17:54:41,022 | INFO - Shutdown Received
2022-06-02 17:54:41,023 | INFO - Shutdown Received
2022-06-02 17:54:41,023 | INFO - Shutdown Received
2022-06-02 17:54:41,023 | INFO - Shutdown Received
2022-06-02 17:54:41,023 | INFO - Shutdown Received
2022-06-02 17:54:41,023 | INFO - Shutdown Received
2022-06-02 17:54:41,023 | INFO - Shutdown Received
2022-06-02 17:54:41,024 | INFO - Shutdown Received
2022-06-02 17:54:41,024 | INFO - Shutdown Received
2022-06-02 17:54:41,024 | INFO - Shutdown Received
2022-06-02 17:54:41,024 | INFO - Shutdown Received
2022-06-02 17:54:41,024 | INFO - Shutdown Received
2022-06-02 17:54:41,024 | INFO - Shutdown Received
2022-06-02 17:54:41,025 | INFO - Shutdown Received
2022-06-02 17:54:41,025 | INFO - Shutdown Received
2022-06-02 17:54:41,025 | INFO - Shutdown Received
2022-06-02 17:54:41,025 | INFO - Shutdown Received
2022-06-02 17:54:41,025 | INFO - Shutdown Received
2022-06-02 17:54:41,025 | INFO - Shutdown Received
2022-06-02 17:54:41,026 | INFO - Shutdown Received
2022-06-02 17:54:41,026 | INFO - Shutdown Received
2022-06-02 17:54:41,026 | INFO - Shutdown Received
2022-06-02 17:54:41,027 | INFO - Shutdown Received
2022-06-02 17:54:41,027 | INFO - Shutdown Received
2022-06-02 17:54:41,027 | INFO - Shutdown Received
2022-06-02 17:54:41,027 | INFO - Shutdown Received
2022-06-02 17:54:41,027 | INFO - Shutdown Received
2022-06-02 17:54:41,027 | INFO - Shutdown Received
2022-06-02 17:54:41,028 | INFO - Shutdown Received
2022-06-02 17:54:41,029 | INFO - Shutdown Received
2022-06-02 17:54:41,029 | INFO - Shutdown Received
2022-06-02 17:54:41,030 | INFO - Shutdown Received
2022-06-02 17:54:41,030 | INFO - Shutdown Received
2022-06-02 17:54:41,030 | INFO - Shutdown Received
2022-06-02 17:54:41,030 | INFO - Shutdown Received
2022-06-02 17:54:41,031 | INFO - Shutdown Received
2022-06-02 17:54:41,031 | INFO - Shutdown Received
2022-06-02 17:54:41,031 | INFO - Shutdown Received
2022-06-02 17:54:41,031 | INFO - Shutdown Received
2022-06-02 17:54:41,032 | INFO - Shutdown Received
2022-06-02 17:54:41,032 | INFO - Shutdown Received
2022-06-02 17:54:41,032 | INFO - Shutdown Received
2022-06-02 17:54:41,032 | INFO - Shutdown Received
2022-06-02 17:54:41,032 | INFO - Shutdown Received
2022-06-02 17:54:41,032 | INFO - Shutdown Received
2022-06-02 17:54:41,033 | INFO - Shutdown Received
2022-06-02 17:54:41,033 | INFO - Shutdown Received
2022-06-02 17:54:41,033 | INFO - Shutdown Received
2022-06-02 17:54:41,033 | INFO - Shutdown Received
2022-06-02 17:54:41,033 | INFO - Shutdown Received
2022-06-02 17:54:41,034 | INFO - Shutdown Received
2022-06-02 17:54:41,034 | INFO - Shutdown Received
2022-06-02 17:54:41,034 | INFO - Shutdown Received
2022-06-02 17:54:41,035 | INFO - Shutdown Received
2022-06-02 17:54:41,035 | INFO - Shutdown Received
2022-06-02 17:54:41,035 | INFO - Shutdown Received
2022-06-02 17:54:41,035 | INFO - Shutdown Received
2022-06-02 17:54:41,036 | INFO - Shutdown Received
2022-06-02 17:54:41,036 | INFO - Shutdown Received
2022-06-02 17:54:41,036 | INFO - Shutdown Received
2022-06-02 17:54:41,036 | INFO - Shutdown Received
2022-06-02 17:54:41,036 | INFO - Shutdown Received
2022-06-02 17:54:41,036 | INFO - Shutdown Received
2022-06-02 17:54:41,037 | INFO - Shutdown Received
2022-06-02 17:54:41,037 | INFO - Shutdown Received
2022-06-02 17:54:41,037 | INFO - Shutdown Received
2022-06-02 17:54:41,037 | INFO - Shutdown Received
2022-06-02 17:54:41,037 | INFO - Shutdown Received
2022-06-02 17:54:41,037 | INFO - Shutdown Received
2022-06-02 17:54:41,038 | INFO - Shutdown Received
2022-06-02 17:54:41,038 | INFO - Shutdown Received
2022-06-02 17:54:41,038 | INFO - Shutdown Received
2022-06-02 17:54:41,038 | INFO - Shutdown Received
2022-06-02 17:54:41,038 | INFO - Shutdown Received
2022-06-02 17:54:41,038 | INFO - Shutdown Received
2022-06-02 17:54:41,039 | INFO - Shutdown Received
2022-06-02 17:54:41,039 | INFO - Shutdown Received
2022-06-02 17:54:41,039 | INFO - Shutdown Received
2022-06-02 17:54:41,039 | INFO - Shutdown Received
2022-06-02 17:54:41,039 | INFO - Shutdown Received
2022-06-02 17:54:41,039 | INFO - Shutdown Received
2022-06-02 17:54:41,040 | INFO - Shutdown Received
2022-06-02 17:54:41,040 | INFO - Shutdown Received
2022-06-02 17:54:41,040 | INFO - Shutdown Received
2022-06-02 17:54:41,040 | INFO - Shutdown Received
2022-06-02 17:54:41,040 | INFO - Shutdown Received
2022-06-02 17:54:41,040 | INFO - Shutdown Received
2022-06-02 17:54:41,041 | INFO - Shutdown Received
2022-06-02 17:54:41,041 | INFO - Shutdown Received
2022-06-02 17:54:41,041 | INFO - Shutdown Received
2022-06-02 17:54:41,041 | INFO - Shutdown Received
2022-06-02 17:54:41,041 | INFO - Shutdown Received
2022-06-02 17:54:41,041 | INFO - Shutdown Received
2022-06-02 17:54:41,041 | INFO - Shutdown Received
2022-06-02 17:54:41,042 | INFO - Shutdown Received
2022-06-02 17:54:41,042 | INFO - Shutdown Received
2022-06-02 17:54:41,043 | INFO - Shutdown Received
2022-06-02 17:54:41,043 | INFO - Shutdown Received
2022-06-02 17:54:41,043 | INFO - Shutdown Received
2022-06-02 17:54:41,043 | INFO - Shutdown Received
2022-06-02 17:54:41,044 | INFO - Shutdown Received
2022-06-02 17:54:41,044 | INFO - Shutdown Received
2022-06-02 17:54:41,044 | INFO - Shutdown Received
2022-06-02 17:54:41,045 | INFO - Shutdown Received
2022-06-02 17:54:41,045 | INFO - Shutdown Received
2022-06-02 17:54:41,045 | INFO - Shutdown Received
2022-06-02 17:54:41,045 | INFO - Shutdown Received
2022-06-02 17:54:41,046 | INFO - Shutdown Received
2022-06-02 17:54:41,046 | INFO - Shutdown Received
2022-06-02 17:54:41,046 | INFO - Shutdown Received
2022-06-02 17:54:41,046 | INFO - Shutdown Received
2022-06-02 17:54:41,046 | INFO - Shutdown Received
2022-06-02 17:54:41,047 | INFO - Shutdown Received
2022-06-02 17:54:41,047 | INFO - Shutdown Received
2022-06-02 17:54:41,047 | INFO - Shutdown Received
2022-06-02 17:54:41,047 | INFO - Shutdown Received
2022-06-02 17:54:41,048 | INFO - Shutdown Received
2022-06-02 17:54:41,048 | INFO - Shutdown Received
2022-06-02 17:54:41,048 | INFO - Shutdown Received
2022-06-02 17:54:41,048 | INFO - Shutdown Received
2022-06-02 17:54:41,049 | INFO - Shutdown Received
2022-06-02 17:54:41,049 | INFO - Shutdown Received
2022-06-02 17:54:41,049 | INFO - Shutdown Received
2022-06-02 17:54:41,049 | INFO - Shutdown Received
2022-06-02 17:54:41,049 | INFO - Shutdown Received
2022-06-02 17:54:41,050 | INFO - Shutdown Received
2022-06-02 17:54:41,050 | INFO - Shutdown Received
2022-06-02 17:54:41,051 | INFO - Shutdown Received
2022-06-02 17:54:41,051 | INFO - Shutdown Received
2022-06-02 17:54:41,051 | INFO - Shutdown Received
2022-06-02 17:54:41,051 | INFO - Shutdown Received
2022-06-02 17:54:41,054 | INFO - Shutdown Received
2022-06-02 17:54:41,055 | INFO - Shutdown Received
2022-06-02 17:54:41,055 | INFO - Shutdown Received
2022-06-02 17:54:41,056 | INFO - Shutdown Received
2022-06-02 17:54:41,056 | INFO - Shutdown Received
2022-06-02 17:54:41,056 | INFO - Shutdown Received
2022-06-02 17:54:41,056 | INFO - Shutdown Received
2022-06-02 17:54:41,056 | INFO - Shutdown Received
2022-06-02 17:54:41,057 | INFO - Shutdown Received
2022-06-02 17:54:41,057 | INFO - Shutdown Received
2022-06-02 17:54:41,057 | INFO - Shutdown Received
2022-06-02 17:54:41,057 | INFO - Shutdown Received
2022-06-02 17:54:41,057 | INFO - Shutdown Received
2022-06-02 17:54:41,059 | INFO - Shutdown Received
2022-06-02 17:54:41,059 | INFO - Shutdown Received
2022-06-02 17:54:41,060 | INFO - Shutdown Received
2022-06-02 17:54:41,060 | INFO - Shutdown Received
2022-06-02 17:54:41,060 | INFO - Shutdown Received
2022-06-02 17:54:41,060 | INFO - Shutdown Received
2022-06-02 17:54:41,061 | INFO - Shutdown Received
2022-06-02 17:54:41,061 | INFO - Shutdown Received
2022-06-02 17:54:41,061 | INFO - Shutdown Received
2022-06-02 17:54:41,061 | INFO - Shutdown Received
2022-06-02 17:54:41,062 | INFO - Shutdown Received
2022-06-02 17:54:41,062 | INFO - Shutdown Received
2022-06-02 17:54:41,062 | INFO - Shutdown Received
2022-06-02 17:54:41,062 | INFO - Shutdown Received
2022-06-02 17:54:41,062 | INFO - Shutdown Received
2022-06-02 17:54:41,062 | INFO - Shutdown Received
2022-06-02 17:54:41,063 | INFO - Shutdown Received
2022-06-02 17:54:41,063 | INFO - Shutdown Received
2022-06-02 17:54:41,063 | INFO - Shutdown Received
2022-06-02 17:54:41,063 | INFO - Shutdown Received
2022-06-02 17:54:41,063 | INFO - Shutdown Received
2022-06-02 17:54:41,064 | INFO - Shutdown Received
2022-06-02 17:54:41,064 | INFO - Shutdown Received
2022-06-02 17:54:41,064 | INFO - Shutdown Received
2022-06-02 17:54:41,064 | INFO - Shutdown Received
2022-06-02 17:54:41,064 | INFO - Shutdown Received
2022-06-02 17:54:41,064 | INFO - Shutdown Received
2022-06-02 17:54:41,065 | INFO - Shutdown Received
2022-06-02 17:54:41,065 | INFO - Shutdown Received
2022-06-02 17:54:41,065 | INFO - Shutdown Received
2022-06-02 17:54:41,065 | INFO - Shutdown Received
2022-06-02 17:54:41,065 | INFO - Shutdown Received
2022-06-02 17:54:41,065 | INFO - Shutdown Received
2022-06-02 17:54:41,066 | INFO - Shutdown Received
2022-06-02 17:54:41,066 | INFO - Shutdown Received
2022-06-02 17:54:41,066 | INFO - Shutdown Received
2022-06-02 17:54:41,066 | INFO - Shutdown Received
2022-06-02 17:54:41,066 | INFO - Shutdown Received
2022-06-02 17:54:41,066 | INFO - Shutdown Received
2022-06-02 17:54:41,067 | INFO - Shutdown Received
2022-06-02 17:54:41,068 | INFO - Shutdown Received
2022-06-02 17:54:41,068 | INFO - Shutdown Received
2022-06-02 17:54:41,069 | INFO - Shutdown Received
2022-06-02 17:54:41,069 | INFO - Shutdown Received
2022-06-02 17:54:41,069 | INFO - Shutdown Received
2022-06-02 17:54:41,069 | INFO - Shutdown Received
2022-06-02 17:54:41,069 | INFO - Shutdown Received
2022-06-02 17:54:41,069 | INFO - Shutdown Received
2022-06-02 17:54:41,070 | INFO - Shutdown Received
2022-06-02 17:54:41,070 | INFO - Shutdown Received
2022-06-02 17:54:41,070 | INFO - Shutdown Received
2022-06-02 17:54:41,070 | INFO - Shutdown Received
2022-06-02 17:54:41,070 | INFO - Shutdown Received
2022-06-02 17:54:41,070 | INFO - Shutdown Received
2022-06-02 17:54:41,071 | INFO - Shutdown Received
2022-06-02 17:54:41,071 | INFO - Shutdown Received
2022-06-02 17:54:41,071 | INFO - Shutdown Received
2022-06-02 17:54:41,071 | INFO - Shutdown Received
2022-06-02 17:54:41,071 | INFO - Shutdown Received
2022-06-02 17:54:41,071 | INFO - Shutdown Received
2022-06-02 17:54:41,072 | INFO - Shutdown Received
2022-06-02 17:54:41,072 | INFO - Shutdown Received
2022-06-02 17:54:41,072 | INFO - Shutdown Received
2022-06-02 17:54:41,072 | INFO - Shutdown Received
2022-06-02 17:54:41,072 | INFO - Shutdown Received
2022-06-02 17:54:41,072 | INFO - Shutdown Received
2022-06-02 17:54:41,073 | INFO - Shutdown Received
2022-06-02 17:54:41,073 | INFO - Shutdown Received
2022-06-02 17:54:41,073 | INFO - Shutdown Received
2022-06-02 17:54:41,073 | INFO - Shutdown Received
2022-06-02 17:54:41,073 | INFO - Shutdown Received
2022-06-02 17:54:41,073 | INFO - Shutdown Received
2022-06-02 17:54:41,073 | INFO - Shutdown Received
2022-06-02 17:54:41,074 | INFO - Shutdown Received
2022-06-02 17:54:41,074 | INFO - Shutdown Received
2022-06-02 17:54:41,074 | INFO - Shutdown Received
2022-06-02 17:54:41,074 | INFO - Shutdown Received
2022-06-02 17:54:41,075 | INFO - Shutdown Received
2022-06-02 17:54:41,075 | INFO - Shutdown Received
2022-06-02 17:54:41,075 | INFO - Shutdown Received
2022-06-02 17:54:41,075 | INFO - Shutdown Received
2022-06-02 17:54:41,075 | INFO - Shutdown Received
2022-06-02 17:54:41,075 | INFO - Shutdown Received
2022-06-02 17:54:41,076 | INFO - Shutdown Received
2022-06-02 17:54:41,076 | INFO - Shutdown Received
2022-06-02 17:54:41,076 | INFO - Shutdown Received
2022-06-02 17:54:41,076 | INFO - Shutdown Received
2022-06-02 17:54:41,076 | INFO - Shutdown Received
2022-06-02 17:54:41,076 | INFO - Shutdown Received
2022-06-02 17:54:41,076 | INFO - Shutdown Received
2022-06-02 17:54:41,077 | INFO - Shutdown Received
2022-06-02 17:54:41,077 | INFO - Shutdown Received
2022-06-02 17:54:41,077 | INFO - Shutdown Received
2022-06-02 17:54:41,077 | INFO - Shutdown Received
2022-06-02 17:54:41,077 | INFO - Shutdown Received
2022-06-02 17:54:41,077 | INFO - Shutdown Received
2022-06-02 17:54:41,078 | INFO - Shutdown Received
2022-06-02 17:54:41,078 | INFO - Shutdown Received
2022-06-02 17:54:41,078 | INFO - Shutdown Received
2022-06-02 17:54:41,078 | INFO - Shutdown Received
2022-06-02 17:54:41,078 | INFO - Shutdown Received
2022-06-02 17:54:41,079 | INFO - Shutdown Received
2022-06-02 17:54:41,079 | INFO - Shutdown Received
2022-06-02 17:54:41,079 | INFO - Shutdown Received
2022-06-02 17:54:41,079 | INFO - Shutdown Received
2022-06-02 17:54:41,080 | INFO - Logger Process Exited
