2022-05-29 18:37:52,852 | INFO - Influx - Influx Process Starting
2022-05-29 18:37:53,084 | INFO - Serial - Serial Process Starting
2022-05-29 18:37:53,156 | INFO - Application - App Process Starting
2022-05-29 18:37:53,610 | INFO - Learner - KNN Process Started
2022-05-29 18:37:53,624 | DEBUG - Learner - Sending message to Application
2022-05-29 18:37:53,850 | DEBUG - Application - Received message Message(sender='Learner', receiver='Application', subject='registerClassifier', message={0: 'sitting', 1: 'standing', 2: 'walking', 3: 'running'})
2022-05-29 18:37:53,856 | DEBUG - Application - Registering classifier: 0
2022-05-29 18:37:53,863 | DEBUG - Application - Registering classifier: 1
2022-05-29 18:37:53,873 | DEBUG - Application - Registering classifier: 2
2022-05-29 18:37:53,882 | DEBUG - Application - Registering classifier: 3
2022-05-29 18:39:10,488 | DEBUG - Application - Sending message to Serial
2022-05-29 18:39:10,498 | DEBUG - Application - Sending message to Serial
2022-05-29 18:39:10,510 | DEBUG - Serial - Received message Message(sender='Application', receiver='Serial', subject='stop', message='')
2022-05-29 18:39:10,519 | DEBUG - Serial - Received message Message(sender='Application', receiver='Serial', subject='trainMode', message=True)
2022-05-29 18:39:14,015 | DEBUG - Application - Sending message to Serial
2022-05-29 18:39:14,017 | DEBUG - Application - Sending message to Serial
2022-05-29 18:39:14,018 | DEBUG - Serial - Received message Message(sender='Application', receiver='Serial', subject='stop', message='')
2022-05-29 18:39:14,019 | DEBUG - Serial - Received message Message(sender='Application', receiver='Serial', subject='trainMode', message=True)
2022-05-29 18:39:14,496 | DEBUG - Application - Sending message to Serial
2022-05-29 18:39:14,498 | DEBUG - Application - Sending message to Serial
2022-05-29 18:39:14,498 | DEBUG - Serial - Received message Message(sender='Application', receiver='Serial', subject='stop', message='')
2022-05-29 18:39:14,499 | DEBUG - Serial - Received message Message(sender='Application', receiver='Serial', subject='trainMode', message=False)
2022-05-29 18:39:33,957 | DEBUG - Application - Sending message to Serial
2022-05-29 18:39:33,962 | DEBUG - Application - Sending message to Serial
2022-05-29 18:39:33,975 | DEBUG - Serial - Received message Message(sender='Application', receiver='Serial', subject='stop', message='')
2022-05-29 18:39:33,989 | DEBUG - Serial - Received message Message(sender='Application', receiver='Serial', subject='trainMode', message=True)
2022-05-29 18:39:59,245 | DEBUG - Application - Sending message to Serial
2022-05-29 18:39:59,250 | DEBUG - Serial - Received message Message(sender='Application', receiver='Serial', subject='setPort', message='COM')
2022-05-29 18:40:00,852 | DEBUG - Application - Sending message to Serial
2022-05-29 18:40:00,853 | DEBUG - Serial - Received message Message(sender='Application', receiver='Serial', subject='setPort', message='COM3')
2022-05-29 18:40:02,956 | DEBUG - Application - Sending message to Serial
2022-05-29 18:40:02,957 | DEBUG - Serial - Received message Message(sender='Application', receiver='Serial', subject='setPort', message='COM')
2022-05-29 18:40:03,693 | DEBUG - Application - Sending message to Serial
2022-05-29 18:40:03,701 | DEBUG - Serial - Received message Message(sender='Application', receiver='Serial', subject='setPort', message='COM4')
2022-05-29 18:40:15,500 | DEBUG - Application - Sending message to Learner
2022-05-29 18:40:15,501 | DEBUG - Learner - Received message Message(sender='Application', receiver='Learner', subject='registerClassifier', message='jumping')
2022-05-29 18:40:15,510 | INFO - Learner - New Classification Created 4: jumping
2022-05-29 18:40:15,516 | DEBUG - Learner - Sending message to Application
2022-05-29 18:40:15,520 | DEBUG - Application - Received message Message(sender='Learner', receiver='Application', subject='registerClassifier', message={4: 'jumping'})
2022-05-29 18:40:15,525 | DEBUG - Application - Registering classifier: 4
2022-05-29 18:40:34,950 | DEBUG - Application - Sending message to Learner
2022-05-29 18:40:34,962 | DEBUG - Learner - Received message Message(sender='Application', receiver='Learner', subject='deleteClassifier', message=4)
2022-05-29 18:40:34,968 | DEBUG - Learner - Sending message to Application
2022-05-29 18:40:34,972 | DEBUG - Application - Received message Message(sender='Learner', receiver='Application', subject='deleteClassifier', message=4)
2022-05-29 18:40:47,671 | INFO - Application - Shutdown Occured
2022-05-29 18:40:47,786 | INFO - Shutdown Received
