2022-05-30 21:37:54,604 | INFO - Learner - KNN Process Started
2022-05-30 21:37:54,605 | DEBUG - Learner - Sending message to Application
2022-05-30 21:37:54,660 | INFO - Application - App Process Starting
2022-05-30 21:37:54,670 | INFO - Influx - Influx Process Starting
2022-05-30 21:37:54,684 | INFO - Serial - Serial Process Starting
2022-05-30 21:37:55,115 | DEBUG - Application - Received message Message(sender='Learner', receiver='Application', subject='registerClassifier', message={0: 'sitting', 1: 'standing', 2: 'walking', 3: 'running'})
2022-05-30 21:37:55,137 | DEBUG - Application - Registering classifier: 0
2022-05-30 21:37:55,138 | DEBUG - Application - Registering classifier: 1
2022-05-30 21:37:55,145 | DEBUG - Application - Registering classifier: 2
2022-05-30 21:37:55,164 | DEBUG - Application - Registering classifier: 3
2022-05-30 21:38:25,516 | DEBUG - Application - Sending message to Serial
2022-05-30 21:38:25,522 | DEBUG - Application - Sending message to Serial
2022-05-30 21:38:25,526 | DEBUG - Serial - Received message Message(sender='Application', receiver='Serial', subject='stop', message='')
2022-05-30 21:38:25,526 | DEBUG - Serial - Received message Message(sender='Application', receiver='Serial', subject='trainMode', message=True)
2022-05-30 21:38:41,321 | DEBUG - Application - Sending message to Serial
2022-05-30 21:38:41,333 | DEBUG - Application - Sending message to Serial
2022-05-30 21:38:41,341 | DEBUG - Serial - Received message Message(sender='Application', receiver='Serial', subject='stop', message='')
2022-05-30 21:38:41,345 | DEBUG - Serial - Received message Message(sender='Application', receiver='Serial', subject='trainMode', message=False)
2022-05-30 21:39:56,867 | DEBUG - Application - Sending message to Learner
2022-05-30 21:39:56,877 | DEBUG - Learner - Received message Message(sender='Application', receiver='Learner', subject='registerClassifier', message='jumping')
2022-05-30 21:39:56,897 | INFO - Learner - New Classification Created 4: jumping
2022-05-30 21:39:56,898 | DEBUG - Learner - Sending message to Application
2022-05-30 21:39:56,902 | DEBUG - Application - Received message Message(sender='Learner', receiver='Application', subject='registerClassifier', message={4: 'jumping'})
2022-05-30 21:39:56,902 | DEBUG - Application - Registering classifier: 4
2022-05-30 21:40:05,601 | DEBUG - Application - Sending message to Serial
2022-05-30 21:40:05,607 | DEBUG - Serial - Received message Message(sender='Application', receiver='Serial', subject='setPort', message='COM')
2022-05-30 21:40:08,042 | DEBUG - Application - Sending message to Serial
2022-05-30 21:40:08,043 | DEBUG - Serial - Received message Message(sender='Application', receiver='Serial', subject='setPort', message='COM3')
2022-05-30 21:40:26,327 | DEBUG - Application - Sending message to Serial
2022-05-30 21:40:26,331 | DEBUG - Application - Sending message to Serial
2022-05-30 21:40:26,337 | DEBUG - Serial - Received message Message(sender='Application', receiver='Serial', subject='stop', message='')
2022-05-30 21:40:26,351 | DEBUG - Serial - Received message Message(sender='Application', receiver='Serial', subject='trainMode', message=True)
2022-05-30 21:40:39,694 | DEBUG - Application - Sending message to Serial
2022-05-30 21:40:39,701 | DEBUG - Application - Sending message to Serial
2022-05-30 21:40:39,702 | DEBUG - Serial - Received message Message(sender='Application', receiver='Serial', subject='stop', message='')
2022-05-30 21:40:39,702 | DEBUG - Serial - Received message Message(sender='Application', receiver='Serial', subject='trainMode', message=False)
2022-05-30 21:41:02,209 | INFO - Application - Shutdown Occured
2022-05-30 21:41:02,233 | INFO - Serial - Shutdown Occured
