2022-06-03 14:48:03,871 | INFO - Influx - Influx Process Starting
2022-06-03 14:48:03,875 | DEBUG - Influx - Received message Message(sender='Core', receiver='Influx', subject=None, message='clearTestData')
2022-06-03 14:48:03,875 | ERROR - Influx - Unknown Message: None - clearTestData
2022-06-03 14:48:03,893 | INFO - Serial - Serial Process Starting
2022-06-03 14:48:03,922 | INFO - Application - App Process Starting
2022-06-03 14:48:03,954 | INFO - Learner - KNN Process Started
2022-06-03 14:48:03,954 | DEBUG - Learner - Sending message to Application
2022-06-03 14:48:03,955 | DEBUG - Learner - Sending message to Influx
2022-06-03 14:48:03,960 | DEBUG - Influx - Received message Message(sender='Learner', receiver='Influx', subject='pullTestData', message='')
2022-06-03 14:48:04,108 | DEBUG - Application - Received message Message(sender='Learner', receiver='Application', subject='registerClassifier', message={0: 'sitting', 1: 'standing', 2: 'walking', 3: 'running', 4: 'jumping jacks', 5: 'squating'})
2022-06-03 14:48:04,109 | DEBUG - Application - Registering classifier: 0
2022-06-03 14:48:04,110 | DEBUG - Application - Registering classifier: 1
2022-06-03 14:48:04,112 | DEBUG - Application - Registering classifier: 2
2022-06-03 14:48:04,114 | DEBUG - Application - Registering classifier: 3
2022-06-03 14:48:04,117 | DEBUG - Application - Registering classifier: 4
2022-06-03 14:48:04,140 | DEBUG - Application - Registering classifier: 5
2022-06-03 14:48:17,740 | INFO - Application - Shutdown Occured
2022-06-03 14:48:17,740 | INFO - Shutdown Received - Application
2022-06-03 14:48:17,742 | INFO - Serial - Serial Process Stopping
2022-06-03 14:48:17,742 | INFO - Learner - KNN Process Stopped
2022-06-03 14:48:17,743 | INFO - Learner - Shutdown Occured
2022-06-03 14:48:17,743 | INFO - Shutdown Received - Serial
2022-06-03 14:48:17,743 | INFO - Serial - Shutdown Occured
2022-06-03 14:48:17,744 | INFO - Shutdown Received - Learner
