2022-05-28 23:08:42,324 | INFO - Application - App Process Starting
2022-05-28 23:08:42,352 | INFO - Influx - Influx Process Starting
2022-05-28 23:08:42,362 | INFO - Serial - Serial Process Starting
2022-05-28 23:08:42,582 | INFO - Learner - KNN Process Started
2022-05-28 23:08:42,583 | DEBUG - Learner - Sending message to Application
2022-05-28 23:08:42,703 | DEBUG - Application - Received message Message(sender='Learner', receiver='Application', subject='registerClassifier', message={0: 'sitting', 1: 'standing', 2: 'walking', 3: 'running'})
2022-05-28 23:08:42,723 | DEBUG - Application - Registering classifier: 0
2022-05-28 23:08:42,738 | DEBUG - Application - Registering classifier: 1
2022-05-28 23:08:42,757 | DEBUG - Application - Registering classifier: 2
2022-05-28 23:08:42,771 | DEBUG - Application - Registering classifier: 3
2022-05-28 23:08:51,109 | DEBUG - Application - Sending message to Learner
2022-05-28 23:08:51,114 | DEBUG - Learner - Received message Message(sender='Application', receiver='Learner', subject='registerClassifier', message='jumping')
2022-05-28 23:08:51,134 | INFO - Learner - New Classification Created 4: jumping
2022-05-28 23:08:51,154 | DEBUG - Learner - Sending message to Application
2022-05-28 23:08:51,155 | DEBUG - Application - Received message Message(sender='Learner', receiver='Application', subject='registerClassifier', message={4: 'jumping'})
2022-05-28 23:08:51,156 | DEBUG - Application - Registering classifier: 4
2022-05-28 23:09:14,950 | DEBUG - Application - Sending message to Learner
2022-05-28 23:09:14,955 | DEBUG - Learner - Received message Message(sender='Application', receiver='Learner', subject='deleteClassifier', message=4)
2022-05-28 23:09:14,957 | DEBUG - Learner - Sending message to Application
2022-05-28 23:09:14,957 | DEBUG - Application - Received message Message(sender='Learner', receiver='Application', subject='deleteClassifier', message=4)
2022-05-28 23:09:20,186 | INFO - Application - Shutdown Occured
2022-05-28 23:09:20,273 | INFO - Serial - Shutdown Occured
